{
  "stats": {
    "suites": 5,
    "tests": 8,
    "passes": 8,
    "pending": 0,
    "failures": 0,
    "start": "2025-01-30T19:47:28.649Z",
    "end": "2025-01-30T19:47:28.668Z",
    "duration": 19,
    "testsRegistered": 8,
    "passPercent": 100,
    "pendingPercent": 0,
    "other": 0,
    "hasOther": false,
    "skipped": 0,
    "hasSkipped": false
  },
  "results": [
    {
      "uuid": "32b48243-60db-4d52-a974-3ed949ea2a78",
      "title": "",
      "fullFile": "/home/runner/work/semantic-release-jsr/semantic-release-jsr/test/lib/utils.ts",
      "file": "/test/lib/utils.ts",
      "beforeHooks": [],
      "afterHooks": [],
      "tests": [],
      "suites": [
        {
          "uuid": "ef72c565-967e-4dcf-9a32-d0a87e6d31b3",
          "title": "Utils",
          "fullFile": "/home/runner/work/semantic-release-jsr/semantic-release-jsr/test/lib/utils.ts",
          "file": "/test/lib/utils.ts",
          "beforeHooks": [],
          "afterHooks": [],
          "tests": [],
          "suites": [
            {
              "uuid": "1c4fdf1a-916f-4278-9d75-4da8616c72eb",
              "title": "generatePublishResponse()",
              "fullFile": "/home/runner/work/semantic-release-jsr/semantic-release-jsr/test/lib/utils.ts",
              "file": "/test/lib/utils.ts",
              "beforeHooks": [],
              "afterHooks": [],
              "tests": [
                {
                  "title": "should work with release",
                  "fullTitle": "Utils generatePublishResponse() should work with release",
                  "timedOut": false,
                  "duration": 0,
                  "state": "passed",
                  "speed": "fast",
                  "pass": true,
                  "fail": false,
                  "pending": false,
                  "context": null,
                  "code": "const config={cwd:process.cwd(),name:\"@sebbo2002/ical-generator\",prepare:{versionJsonPaths:[]},publish:{binFolder:\"\",canary:false,pkgJsonPath:\"\",publishArgs:[]}};const context={nextRelease:{version:\"1.2.3\",gitTag:\"v1.2.3\",name:\"v1.2.3\",type:\"patch\",channel:\"\",gitHead:\"\",notes:\"# [1.2.3](\\u2026)\"}};const response=generatePublishResponse(config,context);assert.deepStrictEqual(response,{name:\"JSR.io\",url:\"https://jsr.io/@sebbo2002/ical-generator@1.2.3\"})",
                  "err": {},
                  "uuid": "8614aafd-21b8-4382-bb9b-4903fce0bf65",
                  "parentUUID": "1c4fdf1a-916f-4278-9d75-4da8616c72eb",
                  "isHook": false,
                  "skipped": false
                },
                {
                  "title": "should work without release",
                  "fullTitle": "Utils generatePublishResponse() should work without release",
                  "timedOut": false,
                  "duration": 0,
                  "state": "passed",
                  "speed": "fast",
                  "pass": true,
                  "fail": false,
                  "pending": false,
                  "context": null,
                  "code": "const config={cwd:process.cwd(),name:\"@sebbo2002/ical-generator\",prepare:{versionJsonPaths:[]},publish:{binFolder:\"\",canary:false,pkgJsonPath:\"\",publishArgs:[]}};const context={};const response=generatePublishResponse(config,context);assert.deepStrictEqual(response,{name:\"JSR.io\",url:\"https://jsr.io/@sebbo2002/ical-generator/versions\"})",
                  "err": {},
                  "uuid": "bd01b9f0-740d-4e96-8476-344204e9ada6",
                  "parentUUID": "1c4fdf1a-916f-4278-9d75-4da8616c72eb",
                  "isHook": false,
                  "skipped": false
                }
              ],
              "suites": [],
              "passes": [
                "8614aafd-21b8-4382-bb9b-4903fce0bf65",
                "bd01b9f0-740d-4e96-8476-344204e9ada6"
              ],
              "failures": [],
              "pending": [],
              "skipped": [],
              "duration": 0,
              "root": false,
              "rootEmpty": false,
              "_timeout": 2000
            },
            {
              "uuid": "bdbeaacc-0833-48e2-acc5-66505195640e",
              "title": "updateVersionJson()",
              "fullFile": "/home/runner/work/semantic-release-jsr/semantic-release-jsr/test/lib/utils.ts",
              "file": "/test/lib/utils.ts",
              "beforeHooks": [
                {
                  "title": "\"before each\" hook in \"updateVersionJson()\"",
                  "fullTitle": "Utils updateVersionJson() \"before each\" hook in \"updateVersionJson()\"",
                  "timedOut": false,
                  "duration": 0,
                  "state": null,
                  "speed": null,
                  "pass": false,
                  "fail": false,
                  "pending": false,
                  "context": null,
                  "code": "tmpDir=await mkdtemp(join(tmpdir(),\"semantic-release-jsr-\"));filePath=join(tmpDir,\"package.json\")",
                  "err": {},
                  "uuid": "288810b5-bf57-4c90-a1f8-eb1d9f98ef00",
                  "parentUUID": "bdbeaacc-0833-48e2-acc5-66505195640e",
                  "isHook": true,
                  "skipped": false
                }
              ],
              "afterHooks": [
                {
                  "title": "\"after each\" hook in \"updateVersionJson()\"",
                  "fullTitle": "Utils updateVersionJson() \"after each\" hook in \"updateVersionJson()\"",
                  "timedOut": false,
                  "duration": 0,
                  "state": null,
                  "speed": null,
                  "pass": false,
                  "fail": false,
                  "pending": false,
                  "context": null,
                  "code": "await rm(tmpDir,{recursive:true,force:true})",
                  "err": {},
                  "uuid": "55c52925-11d2-4d00-a62d-5ff36db8482f",
                  "parentUUID": "bdbeaacc-0833-48e2-acc5-66505195640e",
                  "isHook": true,
                  "skipped": false
                }
              ],
              "tests": [
                {
                  "title": "should throw an error if the version could not be replaced",
                  "fullTitle": "Utils updateVersionJson() should throw an error if the version could not be replaced",
                  "timedOut": false,
                  "duration": 1,
                  "state": "passed",
                  "speed": "fast",
                  "pass": true,
                  "fail": false,
                  "pending": false,
                  "context": null,
                  "code": "const mockFile=\"{}\";await writeFile(filePath,mockFile,\"utf8\");const context={nextRelease:{version:\"1.2.3\"},logger:{log:__name(()=>{},\"log\")}};await assert.rejects(updateVersionJson(filePath,context),/Failed to replace version in/)",
                  "err": {},
                  "uuid": "3fbc5f10-4d1c-4db8-a341-30032fca16e7",
                  "parentUUID": "bdbeaacc-0833-48e2-acc5-66505195640e",
                  "isHook": false,
                  "skipped": false
                }
              ],
              "suites": [
                {
                  "uuid": "ad159b35-d2f6-442d-867b-bfde359bed64",
                  "title": "different version",
                  "fullFile": "/home/runner/work/semantic-release-jsr/semantic-release-jsr/test/lib/utils.ts",
                  "file": "/test/lib/utils.ts",
                  "beforeHooks": [],
                  "afterHooks": [],
                  "tests": [
                    {
                      "title": "should update version if they are different",
                      "fullTitle": "Utils updateVersionJson() different version should update version if they are different",
                      "timedOut": false,
                      "duration": 1,
                      "state": "passed",
                      "speed": "fast",
                      "pass": true,
                      "fail": false,
                      "pending": false,
                      "context": null,
                      "code": "const mockFile='{ \"version\": \"1.2.3\" }';await writeFile(filePath,mockFile,\"utf8\");const context={nextRelease:{version:\"1.2.4\"},logger:{log:__name(()=>{},\"log\")}};await updateVersionJson(filePath,context);const updatedFile=await readFile(filePath,\"utf8\");assert.strictEqual(updatedFile,'{ \"version\": \"1.2.4\" }')",
                      "err": {},
                      "uuid": "3557e8ac-f378-49c3-96b7-50dbc5344006",
                      "parentUUID": "ad159b35-d2f6-442d-867b-bfde359bed64",
                      "isHook": false,
                      "skipped": false
                    },
                    {
                      "title": "should update version if they are different (no whitespace)",
                      "fullTitle": "Utils updateVersionJson() different version should update version if they are different (no whitespace)",
                      "timedOut": false,
                      "duration": 1,
                      "state": "passed",
                      "speed": "fast",
                      "pass": true,
                      "fail": false,
                      "pending": false,
                      "context": null,
                      "code": "const mockFile='{\"version\":\"1.2.3\"}';await writeFile(filePath,mockFile,\"utf8\");const context={nextRelease:{version:\"1.2.4\"},logger:{log:__name(()=>{},\"log\")}};await updateVersionJson(filePath,context);const updatedFile=await readFile(filePath,\"utf8\");assert.strictEqual(updatedFile,'{\"version\":\"1.2.4\"}')",
                      "err": {},
                      "uuid": "6a1bcb51-bea1-42f4-98ab-ca5743b0f247",
                      "parentUUID": "ad159b35-d2f6-442d-867b-bfde359bed64",
                      "isHook": false,
                      "skipped": false
                    },
                    {
                      "title": "should update version if they are different (mixed whitespace)",
                      "fullTitle": "Utils updateVersionJson() different version should update version if they are different (mixed whitespace)",
                      "timedOut": false,
                      "duration": 1,
                      "state": "passed",
                      "speed": "fast",
                      "pass": true,
                      "fail": false,
                      "pending": false,
                      "context": null,
                      "code": "const mockFile='{\"version\"   :\"1.2.3\"   }';await writeFile(filePath,mockFile,\"utf8\");const context={nextRelease:{version:\"1.2.4\"},logger:{log:__name(()=>{},\"log\")}};await updateVersionJson(filePath,context);const updatedFile=await readFile(filePath,\"utf8\");assert.strictEqual(updatedFile,'{\"version\"   :\"1.2.4\"   }')",
                      "err": {},
                      "uuid": "287c86e8-fe46-4ae1-b1ac-580d01de303f",
                      "parentUUID": "ad159b35-d2f6-442d-867b-bfde359bed64",
                      "isHook": false,
                      "skipped": false
                    },
                    {
                      "title": "should update version if they are different (beta version)",
                      "fullTitle": "Utils updateVersionJson() different version should update version if they are different (beta version)",
                      "timedOut": false,
                      "duration": 1,
                      "state": "passed",
                      "speed": "fast",
                      "pass": true,
                      "fail": false,
                      "pending": false,
                      "context": null,
                      "code": "const mockFile='{ \"version\": \"1.2.3-beta.3\" }';await writeFile(filePath,mockFile,\"utf8\");const context={nextRelease:{version:\"1.2.3-beta.4\"},logger:{log:__name(()=>{},\"log\")}};await updateVersionJson(filePath,context);const updatedFile=await readFile(filePath,\"utf8\");assert.strictEqual(updatedFile,'{ \"version\": \"1.2.3-beta.4\" }')",
                      "err": {},
                      "uuid": "81c3e70f-6099-4fc1-8070-1286b3fcd699",
                      "parentUUID": "ad159b35-d2f6-442d-867b-bfde359bed64",
                      "isHook": false,
                      "skipped": false
                    }
                  ],
                  "suites": [],
                  "passes": [
                    "3557e8ac-f378-49c3-96b7-50dbc5344006",
                    "6a1bcb51-bea1-42f4-98ab-ca5743b0f247",
                    "287c86e8-fe46-4ae1-b1ac-580d01de303f",
                    "81c3e70f-6099-4fc1-8070-1286b3fcd699"
                  ],
                  "failures": [],
                  "pending": [],
                  "skipped": [],
                  "duration": 4,
                  "root": false,
                  "rootEmpty": false,
                  "_timeout": 2000
                },
                {
                  "uuid": "90dd58b4-5b92-4f27-b699-b1d99cda2cff",
                  "title": "same version",
                  "fullFile": "/home/runner/work/semantic-release-jsr/semantic-release-jsr/test/lib/utils.ts",
                  "file": "/test/lib/utils.ts",
                  "beforeHooks": [],
                  "afterHooks": [],
                  "tests": [
                    {
                      "title": "should skip when version is already up to date",
                      "fullTitle": "Utils updateVersionJson() same version should skip when version is already up to date",
                      "timedOut": false,
                      "duration": 1,
                      "state": "passed",
                      "speed": "fast",
                      "pass": true,
                      "fail": false,
                      "pending": false,
                      "context": null,
                      "code": "const mockFile='{ \"version\": \"1.2.3\" }';await writeFile(filePath,mockFile,\"utf8\");let matched=false;const context={nextRelease:{version:\"1.2.3\"},logger:{log:__name(msg=>{if(typeof msg===\"string\"){const match=msg.match(/Skipped, (.+) is already up to date/);if(match){assert.strictEqual(match[1],filePath);matched=true}}},\"log\")}};await updateVersionJson(filePath,context);const updatedFile=await readFile(filePath,\"utf8\");assert.strictEqual(updatedFile,mockFile);assert.ok(matched)",
                      "err": {},
                      "uuid": "b57745a5-21a8-493f-baab-fe2060193b25",
                      "parentUUID": "90dd58b4-5b92-4f27-b699-b1d99cda2cff",
                      "isHook": false,
                      "skipped": false
                    }
                  ],
                  "suites": [],
                  "passes": [
                    "b57745a5-21a8-493f-baab-fe2060193b25"
                  ],
                  "failures": [],
                  "pending": [],
                  "skipped": [],
                  "duration": 1,
                  "root": false,
                  "rootEmpty": false,
                  "_timeout": 2000
                }
              ],
              "passes": [
                "3fbc5f10-4d1c-4db8-a341-30032fca16e7"
              ],
              "failures": [],
              "pending": [],
              "skipped": [],
              "duration": 1,
              "root": false,
              "rootEmpty": false,
              "_timeout": 2000
            }
          ],
          "passes": [],
          "failures": [],
          "pending": [],
          "skipped": [],
          "duration": 0,
          "root": false,
          "rootEmpty": false,
          "_timeout": 2000
        }
      ],
      "passes": [],
      "failures": [],
      "pending": [],
      "skipped": [],
      "duration": 0,
      "root": true,
      "rootEmpty": true,
      "_timeout": 2000
    }
  ],
  "meta": {
    "mocha": {
      "version": "11.0.1"
    },
    "mochawesome": {
      "options": {
        "quiet": false,
        "reportFilename": "mochawesome",
        "saveHtml": true,
        "saveJson": true,
        "consoleReporter": "spec",
        "useInlineDiffs": false,
        "code": true
      },
      "version": "7.1.3"
    },
    "marge": {
      "options": null,
      "version": "6.2.0"
    }
  }
}