{
  "stats": {
    "suites": 5,
    "tests": 8,
    "passes": 8,
    "pending": 0,
    "failures": 0,
    "start": "2025-08-05T09:23:53.473Z",
    "end": "2025-08-05T09:23:53.497Z",
    "duration": 24,
    "testsRegistered": 8,
    "passPercent": 100,
    "pendingPercent": 0,
    "other": 0,
    "hasOther": false,
    "skipped": 0,
    "hasSkipped": false
  },
  "results": [
    {
      "uuid": "e3546102-5240-44e1-a55e-65cbae6217fd",
      "title": "",
      "fullFile": "/home/runner/work/semantic-release-jsr/semantic-release-jsr/test/lib/utils.ts",
      "file": "/test/lib/utils.ts",
      "beforeHooks": [],
      "afterHooks": [],
      "tests": [],
      "suites": [
        {
          "uuid": "c0fb1b75-686d-4f9e-a9e6-6f1e0fa05eca",
          "title": "Utils",
          "fullFile": "/home/runner/work/semantic-release-jsr/semantic-release-jsr/test/lib/utils.ts",
          "file": "/test/lib/utils.ts",
          "beforeHooks": [],
          "afterHooks": [],
          "tests": [],
          "suites": [
            {
              "uuid": "dbab4c67-c62b-440b-b1b6-34139ee6e973",
              "title": "generatePublishResponse()",
              "fullFile": "/home/runner/work/semantic-release-jsr/semantic-release-jsr/test/lib/utils.ts",
              "file": "/test/lib/utils.ts",
              "beforeHooks": [],
              "afterHooks": [],
              "tests": [
                {
                  "title": "should work with release",
                  "fullTitle": "Utils generatePublishResponse() should work with release",
                  "timedOut": false,
                  "duration": 0,
                  "state": "passed",
                  "speed": "fast",
                  "pass": true,
                  "fail": false,
                  "pending": false,
                  "context": null,
                  "code": "const config={cwd:process.cwd(),name:\"@sebbo2002/ical-generator\",prepare:{versionJsonPaths:[]},publish:{binFolder:\"\",canary:false,pkgJsonPath:\"\",publishArgs:[]}};const context={nextRelease:{channel:\"\",gitHead:\"\",gitTag:\"v1.2.3\",name:\"v1.2.3\",notes:\"# [1.2.3](\\u2026)\",type:\"patch\",version:\"1.2.3\"}};const response=(0,import_src.generatePublishResponse)(config,context);assert.deepStrictEqual(response,{name:\"JSR.io\",url:\"https://jsr.io/@sebbo2002/ical-generator@1.2.3\"})",
                  "err": {},
                  "uuid": "74bca106-eb4b-4b16-a0d1-7caf58dbbbaa",
                  "parentUUID": "dbab4c67-c62b-440b-b1b6-34139ee6e973",
                  "isHook": false,
                  "skipped": false
                },
                {
                  "title": "should work without release",
                  "fullTitle": "Utils generatePublishResponse() should work without release",
                  "timedOut": false,
                  "duration": 0,
                  "state": "passed",
                  "speed": "fast",
                  "pass": true,
                  "fail": false,
                  "pending": false,
                  "context": null,
                  "code": "const config={cwd:process.cwd(),name:\"@sebbo2002/ical-generator\",prepare:{versionJsonPaths:[]},publish:{binFolder:\"\",canary:false,pkgJsonPath:\"\",publishArgs:[]}};const context={};const response=(0,import_src.generatePublishResponse)(config,context);assert.deepStrictEqual(response,{name:\"JSR.io\",url:\"https://jsr.io/@sebbo2002/ical-generator/versions\"})",
                  "err": {},
                  "uuid": "a28c8357-abdf-4a5a-a800-3a07623e0c04",
                  "parentUUID": "dbab4c67-c62b-440b-b1b6-34139ee6e973",
                  "isHook": false,
                  "skipped": false
                }
              ],
              "suites": [],
              "passes": [
                "74bca106-eb4b-4b16-a0d1-7caf58dbbbaa",
                "a28c8357-abdf-4a5a-a800-3a07623e0c04"
              ],
              "failures": [],
              "pending": [],
              "skipped": [],
              "duration": 0,
              "root": false,
              "rootEmpty": false,
              "_timeout": 2000
            },
            {
              "uuid": "e5996831-3c7e-42cd-b2f7-0efc66fa5ef0",
              "title": "updateVersionJson()",
              "fullFile": "/home/runner/work/semantic-release-jsr/semantic-release-jsr/test/lib/utils.ts",
              "file": "/test/lib/utils.ts",
              "beforeHooks": [
                {
                  "title": "\"before each\" hook in \"updateVersionJson()\"",
                  "fullTitle": "Utils updateVersionJson() \"before each\" hook in \"updateVersionJson()\"",
                  "timedOut": false,
                  "duration": 0,
                  "state": null,
                  "speed": null,
                  "pass": false,
                  "fail": false,
                  "pending": false,
                  "context": null,
                  "code": "tmpDir=await(0,import_promises.mkdtemp)((0,import_node_path.join)((0,import_node_os.tmpdir)(),\"semantic-release-jsr-\"));filePath=(0,import_node_path.join)(tmpDir,\"package.json\")",
                  "err": {},
                  "uuid": "ad07a07b-e8e1-4f71-978c-38cd8e5d5879",
                  "parentUUID": "e5996831-3c7e-42cd-b2f7-0efc66fa5ef0",
                  "isHook": true,
                  "skipped": false
                }
              ],
              "afterHooks": [
                {
                  "title": "\"after each\" hook in \"updateVersionJson()\"",
                  "fullTitle": "Utils updateVersionJson() \"after each\" hook in \"updateVersionJson()\"",
                  "timedOut": false,
                  "duration": 0,
                  "state": null,
                  "speed": null,
                  "pass": false,
                  "fail": false,
                  "pending": false,
                  "context": null,
                  "code": "await(0,import_promises.rm)(tmpDir,{force:true,recursive:true})",
                  "err": {},
                  "uuid": "62448015-0835-4632-90c4-a5e35c98588f",
                  "parentUUID": "e5996831-3c7e-42cd-b2f7-0efc66fa5ef0",
                  "isHook": true,
                  "skipped": false
                }
              ],
              "tests": [
                {
                  "title": "should throw an error if the version could not be replaced",
                  "fullTitle": "Utils updateVersionJson() should throw an error if the version could not be replaced",
                  "timedOut": false,
                  "duration": 1,
                  "state": "passed",
                  "speed": "fast",
                  "pass": true,
                  "fail": false,
                  "pending": false,
                  "context": null,
                  "code": "const mockFile=\"{}\";await(0,import_promises.writeFile)(filePath,mockFile,\"utf8\");const context={logger:{log:__name(()=>{},\"log\")},nextRelease:{version:\"1.2.3\"}};await assert.rejects((0,import_src.updateVersionJson)(filePath,context),/Failed to replace version in/)",
                  "err": {},
                  "uuid": "2cc7bd16-8903-45ee-924f-126f6df114e6",
                  "parentUUID": "e5996831-3c7e-42cd-b2f7-0efc66fa5ef0",
                  "isHook": false,
                  "skipped": false
                }
              ],
              "suites": [
                {
                  "uuid": "cbd23efc-b993-4404-b76a-7f87bb535ccc",
                  "title": "different version",
                  "fullFile": "/home/runner/work/semantic-release-jsr/semantic-release-jsr/test/lib/utils.ts",
                  "file": "/test/lib/utils.ts",
                  "beforeHooks": [],
                  "afterHooks": [],
                  "tests": [
                    {
                      "title": "should update version if they are different",
                      "fullTitle": "Utils updateVersionJson() different version should update version if they are different",
                      "timedOut": false,
                      "duration": 1,
                      "state": "passed",
                      "speed": "fast",
                      "pass": true,
                      "fail": false,
                      "pending": false,
                      "context": null,
                      "code": "const mockFile='{ \"version\": \"1.2.3\" }';await(0,import_promises.writeFile)(filePath,mockFile,\"utf8\");const context={logger:{log:__name(()=>{},\"log\")},nextRelease:{version:\"1.2.4\"}};await(0,import_src.updateVersionJson)(filePath,context);const updatedFile=await(0,import_promises.readFile)(filePath,\"utf8\");assert.strictEqual(updatedFile,'{ \"version\": \"1.2.4\" }')",
                      "err": {},
                      "uuid": "4f405811-8839-4fa9-bec6-7c34becf60c1",
                      "parentUUID": "cbd23efc-b993-4404-b76a-7f87bb535ccc",
                      "isHook": false,
                      "skipped": false
                    },
                    {
                      "title": "should update version if they are different (no whitespace)",
                      "fullTitle": "Utils updateVersionJson() different version should update version if they are different (no whitespace)",
                      "timedOut": false,
                      "duration": 1,
                      "state": "passed",
                      "speed": "fast",
                      "pass": true,
                      "fail": false,
                      "pending": false,
                      "context": null,
                      "code": "const mockFile='{\"version\":\"1.2.3\"}';await(0,import_promises.writeFile)(filePath,mockFile,\"utf8\");const context={logger:{log:__name(()=>{},\"log\")},nextRelease:{version:\"1.2.4\"}};await(0,import_src.updateVersionJson)(filePath,context);const updatedFile=await(0,import_promises.readFile)(filePath,\"utf8\");assert.strictEqual(updatedFile,'{\"version\":\"1.2.4\"}')",
                      "err": {},
                      "uuid": "9c8f5cfd-45a7-4f2d-8081-11bdd7ed35b3",
                      "parentUUID": "cbd23efc-b993-4404-b76a-7f87bb535ccc",
                      "isHook": false,
                      "skipped": false
                    },
                    {
                      "title": "should update version if they are different (mixed whitespace)",
                      "fullTitle": "Utils updateVersionJson() different version should update version if they are different (mixed whitespace)",
                      "timedOut": false,
                      "duration": 1,
                      "state": "passed",
                      "speed": "fast",
                      "pass": true,
                      "fail": false,
                      "pending": false,
                      "context": null,
                      "code": "const mockFile='{\"version\"   :\"1.2.3\"   }';await(0,import_promises.writeFile)(filePath,mockFile,\"utf8\");const context={logger:{log:__name(()=>{},\"log\")},nextRelease:{version:\"1.2.4\"}};await(0,import_src.updateVersionJson)(filePath,context);const updatedFile=await(0,import_promises.readFile)(filePath,\"utf8\");assert.strictEqual(updatedFile,'{\"version\"   :\"1.2.4\"   }')",
                      "err": {},
                      "uuid": "4ab6cc63-1b6b-46f4-b4e6-74ad145cf9de",
                      "parentUUID": "cbd23efc-b993-4404-b76a-7f87bb535ccc",
                      "isHook": false,
                      "skipped": false
                    },
                    {
                      "title": "should update version if they are different (beta version)",
                      "fullTitle": "Utils updateVersionJson() different version should update version if they are different (beta version)",
                      "timedOut": false,
                      "duration": 1,
                      "state": "passed",
                      "speed": "fast",
                      "pass": true,
                      "fail": false,
                      "pending": false,
                      "context": null,
                      "code": "const mockFile='{ \"version\": \"1.2.3-beta.3\" }';await(0,import_promises.writeFile)(filePath,mockFile,\"utf8\");const context={logger:{log:__name(()=>{},\"log\")},nextRelease:{version:\"1.2.3-beta.4\"}};await(0,import_src.updateVersionJson)(filePath,context);const updatedFile=await(0,import_promises.readFile)(filePath,\"utf8\");assert.strictEqual(updatedFile,'{ \"version\": \"1.2.3-beta.4\" }')",
                      "err": {},
                      "uuid": "05100479-8fdf-4358-b9ea-7e4d349111f6",
                      "parentUUID": "cbd23efc-b993-4404-b76a-7f87bb535ccc",
                      "isHook": false,
                      "skipped": false
                    }
                  ],
                  "suites": [],
                  "passes": [
                    "4f405811-8839-4fa9-bec6-7c34becf60c1",
                    "9c8f5cfd-45a7-4f2d-8081-11bdd7ed35b3",
                    "4ab6cc63-1b6b-46f4-b4e6-74ad145cf9de",
                    "05100479-8fdf-4358-b9ea-7e4d349111f6"
                  ],
                  "failures": [],
                  "pending": [],
                  "skipped": [],
                  "duration": 4,
                  "root": false,
                  "rootEmpty": false,
                  "_timeout": 2000
                },
                {
                  "uuid": "b0d9b5ff-d5c6-42cc-80eb-e5c9ea39b4d0",
                  "title": "same version",
                  "fullFile": "/home/runner/work/semantic-release-jsr/semantic-release-jsr/test/lib/utils.ts",
                  "file": "/test/lib/utils.ts",
                  "beforeHooks": [],
                  "afterHooks": [],
                  "tests": [
                    {
                      "title": "should skip when version is already up to date",
                      "fullTitle": "Utils updateVersionJson() same version should skip when version is already up to date",
                      "timedOut": false,
                      "duration": 1,
                      "state": "passed",
                      "speed": "fast",
                      "pass": true,
                      "fail": false,
                      "pending": false,
                      "context": null,
                      "code": "const mockFile='{ \"version\": \"1.2.3\" }';await(0,import_promises.writeFile)(filePath,mockFile,\"utf8\");let matched=false;const context={logger:{log:__name(msg=>{if(typeof msg===\"string\"){const match=msg.match(/Skipped, (.+) is already up to date/);if(match){assert.strictEqual(match[1],filePath);matched=true}}},\"log\")},nextRelease:{version:\"1.2.3\"}};await(0,import_src.updateVersionJson)(filePath,context);const updatedFile=await(0,import_promises.readFile)(filePath,\"utf8\");assert.strictEqual(updatedFile,mockFile);assert.ok(matched)",
                      "err": {},
                      "uuid": "96026d81-ca56-44c3-bf07-b312a8fd6ae5",
                      "parentUUID": "b0d9b5ff-d5c6-42cc-80eb-e5c9ea39b4d0",
                      "isHook": false,
                      "skipped": false
                    }
                  ],
                  "suites": [],
                  "passes": [
                    "96026d81-ca56-44c3-bf07-b312a8fd6ae5"
                  ],
                  "failures": [],
                  "pending": [],
                  "skipped": [],
                  "duration": 1,
                  "root": false,
                  "rootEmpty": false,
                  "_timeout": 2000
                }
              ],
              "passes": [
                "2cc7bd16-8903-45ee-924f-126f6df114e6"
              ],
              "failures": [],
              "pending": [],
              "skipped": [],
              "duration": 1,
              "root": false,
              "rootEmpty": false,
              "_timeout": 2000
            }
          ],
          "passes": [],
          "failures": [],
          "pending": [],
          "skipped": [],
          "duration": 0,
          "root": false,
          "rootEmpty": false,
          "_timeout": 2000
        }
      ],
      "passes": [],
      "failures": [],
      "pending": [],
      "skipped": [],
      "duration": 0,
      "root": true,
      "rootEmpty": true,
      "_timeout": 2000
    }
  ],
  "meta": {
    "mocha": {
      "version": "11.7.1"
    },
    "mochawesome": {
      "options": {
        "quiet": false,
        "reportFilename": "mochawesome",
        "saveHtml": true,
        "saveJson": true,
        "consoleReporter": "spec",
        "useInlineDiffs": false,
        "code": true
      },
      "version": "7.1.3"
    },
    "marge": {
      "options": null,
      "version": "6.2.0"
    }
  }
}