{
  "stats": {
    "suites": 5,
    "tests": 8,
    "passes": 8,
    "pending": 0,
    "failures": 0,
    "start": "2025-05-06T15:35:21.418Z",
    "end": "2025-05-06T15:35:21.436Z",
    "duration": 18,
    "testsRegistered": 8,
    "passPercent": 100,
    "pendingPercent": 0,
    "other": 0,
    "hasOther": false,
    "skipped": 0,
    "hasSkipped": false
  },
  "results": [
    {
      "uuid": "e07adb85-7016-4f19-bda6-c2d0f0e488a3",
      "title": "",
      "fullFile": "/home/runner/work/semantic-release-jsr/semantic-release-jsr/test/lib/utils.ts",
      "file": "/test/lib/utils.ts",
      "beforeHooks": [],
      "afterHooks": [],
      "tests": [],
      "suites": [
        {
          "uuid": "b8d90983-80c5-4180-87f7-acf98c4ed696",
          "title": "Utils",
          "fullFile": "/home/runner/work/semantic-release-jsr/semantic-release-jsr/test/lib/utils.ts",
          "file": "/test/lib/utils.ts",
          "beforeHooks": [],
          "afterHooks": [],
          "tests": [],
          "suites": [
            {
              "uuid": "3f6c3f19-14e0-4048-ae61-577c4fcb7bac",
              "title": "generatePublishResponse()",
              "fullFile": "/home/runner/work/semantic-release-jsr/semantic-release-jsr/test/lib/utils.ts",
              "file": "/test/lib/utils.ts",
              "beforeHooks": [],
              "afterHooks": [],
              "tests": [
                {
                  "title": "should work with release",
                  "fullTitle": "Utils generatePublishResponse() should work with release",
                  "timedOut": false,
                  "duration": 1,
                  "state": "passed",
                  "speed": "fast",
                  "pass": true,
                  "fail": false,
                  "pending": false,
                  "context": null,
                  "code": "const config={cwd:process.cwd(),name:\"@sebbo2002/ical-generator\",prepare:{versionJsonPaths:[]},publish:{binFolder:\"\",canary:false,pkgJsonPath:\"\",publishArgs:[]}};const context={nextRelease:{channel:\"\",gitHead:\"\",gitTag:\"v1.2.3\",name:\"v1.2.3\",notes:\"# [1.2.3](\\u2026)\",type:\"patch\",version:\"1.2.3\"}};const response=generatePublishResponse(config,context);assert.deepStrictEqual(response,{name:\"JSR.io\",url:\"https://jsr.io/@sebbo2002/ical-generator@1.2.3\"})",
                  "err": {},
                  "uuid": "8fcefd52-8200-47e1-9d38-f51986abb303",
                  "parentUUID": "3f6c3f19-14e0-4048-ae61-577c4fcb7bac",
                  "isHook": false,
                  "skipped": false
                },
                {
                  "title": "should work without release",
                  "fullTitle": "Utils generatePublishResponse() should work without release",
                  "timedOut": false,
                  "duration": 0,
                  "state": "passed",
                  "speed": "fast",
                  "pass": true,
                  "fail": false,
                  "pending": false,
                  "context": null,
                  "code": "const config={cwd:process.cwd(),name:\"@sebbo2002/ical-generator\",prepare:{versionJsonPaths:[]},publish:{binFolder:\"\",canary:false,pkgJsonPath:\"\",publishArgs:[]}};const context={};const response=generatePublishResponse(config,context);assert.deepStrictEqual(response,{name:\"JSR.io\",url:\"https://jsr.io/@sebbo2002/ical-generator/versions\"})",
                  "err": {},
                  "uuid": "bb73028f-7a7f-4f0a-aeaf-5320c0cf0329",
                  "parentUUID": "3f6c3f19-14e0-4048-ae61-577c4fcb7bac",
                  "isHook": false,
                  "skipped": false
                }
              ],
              "suites": [],
              "passes": [
                "8fcefd52-8200-47e1-9d38-f51986abb303",
                "bb73028f-7a7f-4f0a-aeaf-5320c0cf0329"
              ],
              "failures": [],
              "pending": [],
              "skipped": [],
              "duration": 1,
              "root": false,
              "rootEmpty": false,
              "_timeout": 2000
            },
            {
              "uuid": "2a434d32-4afa-4af8-9907-5dba06e56181",
              "title": "updateVersionJson()",
              "fullFile": "/home/runner/work/semantic-release-jsr/semantic-release-jsr/test/lib/utils.ts",
              "file": "/test/lib/utils.ts",
              "beforeHooks": [
                {
                  "title": "\"before each\" hook in \"updateVersionJson()\"",
                  "fullTitle": "Utils updateVersionJson() \"before each\" hook in \"updateVersionJson()\"",
                  "timedOut": false,
                  "duration": 1,
                  "state": null,
                  "speed": null,
                  "pass": false,
                  "fail": false,
                  "pending": false,
                  "context": null,
                  "code": "tmpDir=await mkdtemp(join(tmpdir(),\"semantic-release-jsr-\"));filePath=join(tmpDir,\"package.json\")",
                  "err": {},
                  "uuid": "21f3634d-e95c-4d5f-a0a1-5e5e382f4f2a",
                  "parentUUID": "2a434d32-4afa-4af8-9907-5dba06e56181",
                  "isHook": true,
                  "skipped": false
                }
              ],
              "afterHooks": [
                {
                  "title": "\"after each\" hook in \"updateVersionJson()\"",
                  "fullTitle": "Utils updateVersionJson() \"after each\" hook in \"updateVersionJson()\"",
                  "timedOut": false,
                  "duration": 1,
                  "state": null,
                  "speed": null,
                  "pass": false,
                  "fail": false,
                  "pending": false,
                  "context": null,
                  "code": "await rm(tmpDir,{force:true,recursive:true})",
                  "err": {},
                  "uuid": "0fe9c3b9-3239-4e7c-b3c4-fc86c12100fd",
                  "parentUUID": "2a434d32-4afa-4af8-9907-5dba06e56181",
                  "isHook": true,
                  "skipped": false
                }
              ],
              "tests": [
                {
                  "title": "should throw an error if the version could not be replaced",
                  "fullTitle": "Utils updateVersionJson() should throw an error if the version could not be replaced",
                  "timedOut": false,
                  "duration": 1,
                  "state": "passed",
                  "speed": "fast",
                  "pass": true,
                  "fail": false,
                  "pending": false,
                  "context": null,
                  "code": "const mockFile=\"{}\";await writeFile(filePath,mockFile,\"utf8\");const context={logger:{log:__name(()=>{},\"log\")},nextRelease:{version:\"1.2.3\"}};await assert.rejects(updateVersionJson(filePath,context),/Failed to replace version in/)",
                  "err": {},
                  "uuid": "c594263b-b0c1-48eb-acc1-08664a0cd9c7",
                  "parentUUID": "2a434d32-4afa-4af8-9907-5dba06e56181",
                  "isHook": false,
                  "skipped": false
                }
              ],
              "suites": [
                {
                  "uuid": "bf5699fc-7a8c-4747-be4d-c9188d3e2353",
                  "title": "different version",
                  "fullFile": "/home/runner/work/semantic-release-jsr/semantic-release-jsr/test/lib/utils.ts",
                  "file": "/test/lib/utils.ts",
                  "beforeHooks": [],
                  "afterHooks": [],
                  "tests": [
                    {
                      "title": "should update version if they are different",
                      "fullTitle": "Utils updateVersionJson() different version should update version if they are different",
                      "timedOut": false,
                      "duration": 1,
                      "state": "passed",
                      "speed": "fast",
                      "pass": true,
                      "fail": false,
                      "pending": false,
                      "context": null,
                      "code": "const mockFile='{ \"version\": \"1.2.3\" }';await writeFile(filePath,mockFile,\"utf8\");const context={logger:{log:__name(()=>{},\"log\")},nextRelease:{version:\"1.2.4\"}};await updateVersionJson(filePath,context);const updatedFile=await readFile(filePath,\"utf8\");assert.strictEqual(updatedFile,'{ \"version\": \"1.2.4\" }')",
                      "err": {},
                      "uuid": "81a9bc0b-33ca-4a93-9a8d-35560fa2220a",
                      "parentUUID": "bf5699fc-7a8c-4747-be4d-c9188d3e2353",
                      "isHook": false,
                      "skipped": false
                    },
                    {
                      "title": "should update version if they are different (no whitespace)",
                      "fullTitle": "Utils updateVersionJson() different version should update version if they are different (no whitespace)",
                      "timedOut": false,
                      "duration": 1,
                      "state": "passed",
                      "speed": "fast",
                      "pass": true,
                      "fail": false,
                      "pending": false,
                      "context": null,
                      "code": "const mockFile='{\"version\":\"1.2.3\"}';await writeFile(filePath,mockFile,\"utf8\");const context={logger:{log:__name(()=>{},\"log\")},nextRelease:{version:\"1.2.4\"}};await updateVersionJson(filePath,context);const updatedFile=await readFile(filePath,\"utf8\");assert.strictEqual(updatedFile,'{\"version\":\"1.2.4\"}')",
                      "err": {},
                      "uuid": "a197ccf5-6018-4fa4-a42d-aee4b890067f",
                      "parentUUID": "bf5699fc-7a8c-4747-be4d-c9188d3e2353",
                      "isHook": false,
                      "skipped": false
                    },
                    {
                      "title": "should update version if they are different (mixed whitespace)",
                      "fullTitle": "Utils updateVersionJson() different version should update version if they are different (mixed whitespace)",
                      "timedOut": false,
                      "duration": 1,
                      "state": "passed",
                      "speed": "fast",
                      "pass": true,
                      "fail": false,
                      "pending": false,
                      "context": null,
                      "code": "const mockFile='{\"version\"   :\"1.2.3\"   }';await writeFile(filePath,mockFile,\"utf8\");const context={logger:{log:__name(()=>{},\"log\")},nextRelease:{version:\"1.2.4\"}};await updateVersionJson(filePath,context);const updatedFile=await readFile(filePath,\"utf8\");assert.strictEqual(updatedFile,'{\"version\"   :\"1.2.4\"   }')",
                      "err": {},
                      "uuid": "ed8b8e6a-de4b-4e20-8a5b-445e322c22b1",
                      "parentUUID": "bf5699fc-7a8c-4747-be4d-c9188d3e2353",
                      "isHook": false,
                      "skipped": false
                    },
                    {
                      "title": "should update version if they are different (beta version)",
                      "fullTitle": "Utils updateVersionJson() different version should update version if they are different (beta version)",
                      "timedOut": false,
                      "duration": 0,
                      "state": "passed",
                      "speed": "fast",
                      "pass": true,
                      "fail": false,
                      "pending": false,
                      "context": null,
                      "code": "const mockFile='{ \"version\": \"1.2.3-beta.3\" }';await writeFile(filePath,mockFile,\"utf8\");const context={logger:{log:__name(()=>{},\"log\")},nextRelease:{version:\"1.2.3-beta.4\"}};await updateVersionJson(filePath,context);const updatedFile=await readFile(filePath,\"utf8\");assert.strictEqual(updatedFile,'{ \"version\": \"1.2.3-beta.4\" }')",
                      "err": {},
                      "uuid": "8d219761-77d0-4d86-8d4f-666210d33cc5",
                      "parentUUID": "bf5699fc-7a8c-4747-be4d-c9188d3e2353",
                      "isHook": false,
                      "skipped": false
                    }
                  ],
                  "suites": [],
                  "passes": [
                    "81a9bc0b-33ca-4a93-9a8d-35560fa2220a",
                    "a197ccf5-6018-4fa4-a42d-aee4b890067f",
                    "ed8b8e6a-de4b-4e20-8a5b-445e322c22b1",
                    "8d219761-77d0-4d86-8d4f-666210d33cc5"
                  ],
                  "failures": [],
                  "pending": [],
                  "skipped": [],
                  "duration": 3,
                  "root": false,
                  "rootEmpty": false,
                  "_timeout": 2000
                },
                {
                  "uuid": "d3627eda-a296-4201-8ab6-08bafd5de388",
                  "title": "same version",
                  "fullFile": "/home/runner/work/semantic-release-jsr/semantic-release-jsr/test/lib/utils.ts",
                  "file": "/test/lib/utils.ts",
                  "beforeHooks": [],
                  "afterHooks": [],
                  "tests": [
                    {
                      "title": "should skip when version is already up to date",
                      "fullTitle": "Utils updateVersionJson() same version should skip when version is already up to date",
                      "timedOut": false,
                      "duration": 0,
                      "state": "passed",
                      "speed": "fast",
                      "pass": true,
                      "fail": false,
                      "pending": false,
                      "context": null,
                      "code": "const mockFile='{ \"version\": \"1.2.3\" }';await writeFile(filePath,mockFile,\"utf8\");let matched=false;const context={logger:{log:__name(msg=>{if(typeof msg===\"string\"){const match=msg.match(/Skipped, (.+) is already up to date/);if(match){assert.strictEqual(match[1],filePath);matched=true}}},\"log\")},nextRelease:{version:\"1.2.3\"}};await updateVersionJson(filePath,context);const updatedFile=await readFile(filePath,\"utf8\");assert.strictEqual(updatedFile,mockFile);assert.ok(matched)",
                      "err": {},
                      "uuid": "1eaab8a9-099a-4724-a133-543d3b1c202d",
                      "parentUUID": "d3627eda-a296-4201-8ab6-08bafd5de388",
                      "isHook": false,
                      "skipped": false
                    }
                  ],
                  "suites": [],
                  "passes": [
                    "1eaab8a9-099a-4724-a133-543d3b1c202d"
                  ],
                  "failures": [],
                  "pending": [],
                  "skipped": [],
                  "duration": 0,
                  "root": false,
                  "rootEmpty": false,
                  "_timeout": 2000
                }
              ],
              "passes": [
                "c594263b-b0c1-48eb-acc1-08664a0cd9c7"
              ],
              "failures": [],
              "pending": [],
              "skipped": [],
              "duration": 1,
              "root": false,
              "rootEmpty": false,
              "_timeout": 2000
            }
          ],
          "passes": [],
          "failures": [],
          "pending": [],
          "skipped": [],
          "duration": 0,
          "root": false,
          "rootEmpty": false,
          "_timeout": 2000
        }
      ],
      "passes": [],
      "failures": [],
      "pending": [],
      "skipped": [],
      "duration": 0,
      "root": true,
      "rootEmpty": true,
      "_timeout": 2000
    }
  ],
  "meta": {
    "mocha": {
      "version": "11.1.0"
    },
    "mochawesome": {
      "options": {
        "quiet": false,
        "reportFilename": "mochawesome",
        "saveHtml": true,
        "saveJson": true,
        "consoleReporter": "spec",
        "useInlineDiffs": false,
        "code": true
      },
      "version": "7.1.3"
    },
    "marge": {
      "options": null,
      "version": "6.2.0"
    }
  }
}