{
  "stats": {
    "suites": 5,
    "tests": 8,
    "passes": 8,
    "pending": 0,
    "failures": 0,
    "start": "2024-08-02T18:41:12.311Z",
    "end": "2024-08-02T18:41:12.333Z",
    "duration": 22,
    "testsRegistered": 8,
    "passPercent": 100,
    "pendingPercent": 0,
    "other": 0,
    "hasOther": false,
    "skipped": 0,
    "hasSkipped": false
  },
  "results": [
    {
      "uuid": "e3749fa0-b452-4d9f-89c8-b9df2c2568c3",
      "title": "",
      "fullFile": "/home/runner/work/semantic-release-jsr/semantic-release-jsr/test/lib/utils.ts",
      "file": "/test/lib/utils.ts",
      "beforeHooks": [],
      "afterHooks": [],
      "tests": [],
      "suites": [
        {
          "uuid": "131461b5-8037-45d9-b0bd-daa2ccd8c6ac",
          "title": "Utils",
          "fullFile": "/home/runner/work/semantic-release-jsr/semantic-release-jsr/test/lib/utils.ts",
          "file": "/test/lib/utils.ts",
          "beforeHooks": [],
          "afterHooks": [],
          "tests": [],
          "suites": [
            {
              "uuid": "b94d6c34-5b20-448b-b518-ae53b1e89a51",
              "title": "generatePublishResponse()",
              "fullFile": "/home/runner/work/semantic-release-jsr/semantic-release-jsr/test/lib/utils.ts",
              "file": "/test/lib/utils.ts",
              "beforeHooks": [],
              "afterHooks": [],
              "tests": [
                {
                  "title": "should work with release",
                  "fullTitle": "Utils generatePublishResponse() should work with release",
                  "timedOut": false,
                  "duration": 0,
                  "state": "passed",
                  "speed": "fast",
                  "pass": true,
                  "fail": false,
                  "pending": false,
                  "context": null,
                  "code": "const config = {\n    cwd: process.cwd(),\n    name: '@sebbo2002/ical-generator',\n    prepare: {\n        versionJsonPaths: []\n    },\n    publish: {\n        binFolder: '',\n        pkgJsonPath: '',\n        publishArgs: []\n    }\n};\nconst context = {\n    nextRelease: {\n        version: '1.2.3',\n        gitTag: 'v1.2.3',\n        name: 'v1.2.3',\n        type: 'patch',\n        channel: '',\n        gitHead: '',\n        notes: '# [1.2.3](…)'\n    }\n};\nconst response = generatePublishResponse(config, context);\nassert.deepStrictEqual(response, {\n    name: 'JSR.io',\n    url: 'https://jsr.io/@sebbo2002/ical-generator@1.2.3'\n});",
                  "err": {},
                  "uuid": "3fe9e011-fa11-4411-b679-1d42ee6ff36f",
                  "parentUUID": "b94d6c34-5b20-448b-b518-ae53b1e89a51",
                  "isHook": false,
                  "skipped": false
                },
                {
                  "title": "should work without release",
                  "fullTitle": "Utils generatePublishResponse() should work without release",
                  "timedOut": false,
                  "duration": 1,
                  "state": "passed",
                  "speed": "fast",
                  "pass": true,
                  "fail": false,
                  "pending": false,
                  "context": null,
                  "code": "const config = {\n    cwd: process.cwd(),\n    name: '@sebbo2002/ical-generator',\n    prepare: {\n        versionJsonPaths: []\n    },\n    publish: {\n        binFolder: '',\n        pkgJsonPath: '',\n        publishArgs: []\n    }\n};\nconst context = {};\nconst response = generatePublishResponse(config, context);\nassert.deepStrictEqual(response, {\n    name: 'JSR.io',\n    url: 'https://jsr.io/@sebbo2002/ical-generator/versions'\n});",
                  "err": {},
                  "uuid": "0e32e983-bba7-486e-8d76-17fc5aa6a9b3",
                  "parentUUID": "b94d6c34-5b20-448b-b518-ae53b1e89a51",
                  "isHook": false,
                  "skipped": false
                }
              ],
              "suites": [],
              "passes": [
                "3fe9e011-fa11-4411-b679-1d42ee6ff36f",
                "0e32e983-bba7-486e-8d76-17fc5aa6a9b3"
              ],
              "failures": [],
              "pending": [],
              "skipped": [],
              "duration": 1,
              "root": false,
              "rootEmpty": false,
              "_timeout": 2000
            },
            {
              "uuid": "60633acc-6efd-49bd-b365-b7cc5bbb5e21",
              "title": "updateVersionJson()",
              "fullFile": "/home/runner/work/semantic-release-jsr/semantic-release-jsr/test/lib/utils.ts",
              "file": "/test/lib/utils.ts",
              "beforeHooks": [
                {
                  "title": "\"before each\" hook in \"updateVersionJson()\"",
                  "fullTitle": "Utils updateVersionJson() \"before each\" hook in \"updateVersionJson()\"",
                  "timedOut": false,
                  "duration": 0,
                  "state": null,
                  "speed": null,
                  "pass": false,
                  "fail": false,
                  "pending": false,
                  "context": null,
                  "code": "__awaiter(this, void 0, void 0, function* () {\n                tmpDir = yield mkdtemp(join(tmpdir(), 'semantic-release-jsr-'));\n                filePath = join(tmpDir, 'package.json');\n            })",
                  "err": {},
                  "uuid": "52de7bc8-2d83-4cfa-b83f-90ae0bb6bf66",
                  "parentUUID": "60633acc-6efd-49bd-b365-b7cc5bbb5e21",
                  "isHook": true,
                  "skipped": false
                }
              ],
              "afterHooks": [
                {
                  "title": "\"after each\" hook in \"updateVersionJson()\"",
                  "fullTitle": "Utils updateVersionJson() \"after each\" hook in \"updateVersionJson()\"",
                  "timedOut": false,
                  "duration": 1,
                  "state": null,
                  "speed": null,
                  "pass": false,
                  "fail": false,
                  "pending": false,
                  "context": null,
                  "code": "__awaiter(this, void 0, void 0, function* () {\n                yield rm(tmpDir, { recursive: true, force: true });\n            })",
                  "err": {},
                  "uuid": "b9f754bd-572e-40dc-8b72-b13275d72ae7",
                  "parentUUID": "60633acc-6efd-49bd-b365-b7cc5bbb5e21",
                  "isHook": true,
                  "skipped": false
                }
              ],
              "tests": [
                {
                  "title": "should throw an error if the version could not be replaced",
                  "fullTitle": "Utils updateVersionJson() should throw an error if the version could not be replaced",
                  "timedOut": false,
                  "duration": 1,
                  "state": "passed",
                  "speed": "fast",
                  "pass": true,
                  "fail": false,
                  "pending": false,
                  "context": null,
                  "code": "return __awaiter(this, void 0, void 0, function* () {\n    const mockFile = '{}';\n    yield writeFile(filePath, mockFile, 'utf8');\n    const context = {\n        nextRelease: {\n            version: '1.2.3',\n        },\n        logger: {\n            log: () => { },\n        },\n    };\n    yield assert.rejects(updateVersionJson(filePath, context), /Failed to replace version in/);\n});",
                  "err": {},
                  "uuid": "01999d32-c1c0-4f1a-8ba4-d810d1502185",
                  "parentUUID": "60633acc-6efd-49bd-b365-b7cc5bbb5e21",
                  "isHook": false,
                  "skipped": false
                }
              ],
              "suites": [
                {
                  "uuid": "e4582e98-9043-4261-9928-2164e55d984e",
                  "title": "different version",
                  "fullFile": "/home/runner/work/semantic-release-jsr/semantic-release-jsr/test/lib/utils.ts",
                  "file": "/test/lib/utils.ts",
                  "beforeHooks": [],
                  "afterHooks": [],
                  "tests": [
                    {
                      "title": "should update version if they are different",
                      "fullTitle": "Utils updateVersionJson() different version should update version if they are different",
                      "timedOut": false,
                      "duration": 3,
                      "state": "passed",
                      "speed": "fast",
                      "pass": true,
                      "fail": false,
                      "pending": false,
                      "context": null,
                      "code": "return __awaiter(this, void 0, void 0, function* () {\n    const mockFile = '{ \"version\": \"1.2.3\" }';\n    yield writeFile(filePath, mockFile, 'utf8');\n    const context = {\n        nextRelease: {\n            version: '1.2.4',\n        },\n        logger: {\n            log: () => { },\n        },\n    };\n    yield updateVersionJson(filePath, context);\n    const updatedFile = yield readFile(filePath, 'utf8');\n    assert.strictEqual(updatedFile, '{ \"version\": \"1.2.4\" }');\n});",
                      "err": {},
                      "uuid": "6e628c41-1739-4191-ba94-75370f98e0a6",
                      "parentUUID": "e4582e98-9043-4261-9928-2164e55d984e",
                      "isHook": false,
                      "skipped": false
                    },
                    {
                      "title": "should update version if they are different (no whitespace)",
                      "fullTitle": "Utils updateVersionJson() different version should update version if they are different (no whitespace)",
                      "timedOut": false,
                      "duration": 1,
                      "state": "passed",
                      "speed": "fast",
                      "pass": true,
                      "fail": false,
                      "pending": false,
                      "context": null,
                      "code": "return __awaiter(this, void 0, void 0, function* () {\n    const mockFile = '{\"version\":\"1.2.3\"}';\n    yield writeFile(filePath, mockFile, 'utf8');\n    const context = {\n        nextRelease: {\n            version: '1.2.4',\n        },\n        logger: {\n            log: () => { },\n        },\n    };\n    yield updateVersionJson(filePath, context);\n    const updatedFile = yield readFile(filePath, 'utf8');\n    assert.strictEqual(updatedFile, '{\"version\":\"1.2.4\"}');\n});",
                      "err": {},
                      "uuid": "ba86fc29-4cc6-4718-8364-5c0fda61d6aa",
                      "parentUUID": "e4582e98-9043-4261-9928-2164e55d984e",
                      "isHook": false,
                      "skipped": false
                    },
                    {
                      "title": "should update version if they are different (mixed whitespace)",
                      "fullTitle": "Utils updateVersionJson() different version should update version if they are different (mixed whitespace)",
                      "timedOut": false,
                      "duration": 1,
                      "state": "passed",
                      "speed": "fast",
                      "pass": true,
                      "fail": false,
                      "pending": false,
                      "context": null,
                      "code": "return __awaiter(this, void 0, void 0, function* () {\n    const mockFile = '{\"version\"   :\"1.2.3\"   }';\n    yield writeFile(filePath, mockFile, 'utf8');\n    const context = {\n        nextRelease: {\n            version: '1.2.4',\n        },\n        logger: {\n            log: () => { },\n        },\n    };\n    yield updateVersionJson(filePath, context);\n    const updatedFile = yield readFile(filePath, 'utf8');\n    assert.strictEqual(updatedFile, '{\"version\"   :\"1.2.4\"   }');\n});",
                      "err": {},
                      "uuid": "95df83e0-bddc-4da3-b6b5-00e4a8e5cd6b",
                      "parentUUID": "e4582e98-9043-4261-9928-2164e55d984e",
                      "isHook": false,
                      "skipped": false
                    },
                    {
                      "title": "should update version if they are different (beta version)",
                      "fullTitle": "Utils updateVersionJson() different version should update version if they are different (beta version)",
                      "timedOut": false,
                      "duration": 1,
                      "state": "passed",
                      "speed": "fast",
                      "pass": true,
                      "fail": false,
                      "pending": false,
                      "context": null,
                      "code": "return __awaiter(this, void 0, void 0, function* () {\n    const mockFile = '{ \"version\": \"1.2.3-beta.3\" }';\n    yield writeFile(filePath, mockFile, 'utf8');\n    const context = {\n        nextRelease: {\n            version: '1.2.3-beta.4',\n        },\n        logger: {\n            log: () => { },\n        },\n    };\n    yield updateVersionJson(filePath, context);\n    const updatedFile = yield readFile(filePath, 'utf8');\n    assert.strictEqual(updatedFile, '{ \"version\": \"1.2.3-beta.4\" }');\n});",
                      "err": {},
                      "uuid": "6bad99e4-d9ae-40db-b3f9-6e2efc3341df",
                      "parentUUID": "e4582e98-9043-4261-9928-2164e55d984e",
                      "isHook": false,
                      "skipped": false
                    }
                  ],
                  "suites": [],
                  "passes": [
                    "6e628c41-1739-4191-ba94-75370f98e0a6",
                    "ba86fc29-4cc6-4718-8364-5c0fda61d6aa",
                    "95df83e0-bddc-4da3-b6b5-00e4a8e5cd6b",
                    "6bad99e4-d9ae-40db-b3f9-6e2efc3341df"
                  ],
                  "failures": [],
                  "pending": [],
                  "skipped": [],
                  "duration": 6,
                  "root": false,
                  "rootEmpty": false,
                  "_timeout": 2000
                },
                {
                  "uuid": "93304d15-bfd4-4b42-9b12-d60229dda9cd",
                  "title": "same version",
                  "fullFile": "/home/runner/work/semantic-release-jsr/semantic-release-jsr/test/lib/utils.ts",
                  "file": "/test/lib/utils.ts",
                  "beforeHooks": [],
                  "afterHooks": [],
                  "tests": [
                    {
                      "title": "should skip when version is already up to date",
                      "fullTitle": "Utils updateVersionJson() same version should skip when version is already up to date",
                      "timedOut": false,
                      "duration": 1,
                      "state": "passed",
                      "speed": "fast",
                      "pass": true,
                      "fail": false,
                      "pending": false,
                      "context": null,
                      "code": "return __awaiter(this, void 0, void 0, function* () {\n    const mockFile = '{ \"version\": \"1.2.3\" }';\n    yield writeFile(filePath, mockFile, 'utf8');\n    let matched = false;\n    const context = {\n        nextRelease: {\n            version: '1.2.3',\n        },\n        logger: {\n            log: (msg) => {\n                if (typeof msg === 'string') {\n                    const match = msg.match(/Skipped, (.+) is already up to date/);\n                    if (match) {\n                        assert.strictEqual(match[1], filePath);\n                        matched = true;\n                    }\n                }\n            },\n        },\n    };\n    yield updateVersionJson(filePath, context);\n    const updatedFile = yield readFile(filePath, 'utf8');\n    assert.strictEqual(updatedFile, mockFile);\n    assert.ok(matched);\n});",
                      "err": {},
                      "uuid": "8cacc2cb-d0b1-4d26-a04c-c009d8334e22",
                      "parentUUID": "93304d15-bfd4-4b42-9b12-d60229dda9cd",
                      "isHook": false,
                      "skipped": false
                    }
                  ],
                  "suites": [],
                  "passes": [
                    "8cacc2cb-d0b1-4d26-a04c-c009d8334e22"
                  ],
                  "failures": [],
                  "pending": [],
                  "skipped": [],
                  "duration": 1,
                  "root": false,
                  "rootEmpty": false,
                  "_timeout": 2000
                }
              ],
              "passes": [
                "01999d32-c1c0-4f1a-8ba4-d810d1502185"
              ],
              "failures": [],
              "pending": [],
              "skipped": [],
              "duration": 1,
              "root": false,
              "rootEmpty": false,
              "_timeout": 2000
            }
          ],
          "passes": [],
          "failures": [],
          "pending": [],
          "skipped": [],
          "duration": 0,
          "root": false,
          "rootEmpty": false,
          "_timeout": 2000
        }
      ],
      "passes": [],
      "failures": [],
      "pending": [],
      "skipped": [],
      "duration": 0,
      "root": true,
      "rootEmpty": true,
      "_timeout": 2000
    }
  ],
  "meta": {
    "mocha": {
      "version": "10.4.0"
    },
    "mochawesome": {
      "options": {
        "quiet": false,
        "reportFilename": "mochawesome",
        "saveHtml": true,
        "saveJson": true,
        "consoleReporter": "spec",
        "useInlineDiffs": false,
        "code": true
      },
      "version": "7.1.3"
    },
    "marge": {
      "options": null,
      "version": "6.2.0"
    }
  }
}