{
  "stats": {
    "suites": 5,
    "tests": 8,
    "passes": 8,
    "pending": 0,
    "failures": 0,
    "start": "2025-05-13T21:35:40.537Z",
    "end": "2025-05-13T21:35:40.555Z",
    "duration": 18,
    "testsRegistered": 8,
    "passPercent": 100,
    "pendingPercent": 0,
    "other": 0,
    "hasOther": false,
    "skipped": 0,
    "hasSkipped": false
  },
  "results": [
    {
      "uuid": "83615d83-c4ac-4737-a6e2-4d677378ec9c",
      "title": "",
      "fullFile": "/home/runner/work/semantic-release-jsr/semantic-release-jsr/test/lib/utils.ts",
      "file": "/test/lib/utils.ts",
      "beforeHooks": [],
      "afterHooks": [],
      "tests": [],
      "suites": [
        {
          "uuid": "438b964a-e53a-4ad0-a8de-2380c529854a",
          "title": "Utils",
          "fullFile": "/home/runner/work/semantic-release-jsr/semantic-release-jsr/test/lib/utils.ts",
          "file": "/test/lib/utils.ts",
          "beforeHooks": [],
          "afterHooks": [],
          "tests": [],
          "suites": [
            {
              "uuid": "1da5fd55-d7a4-45b0-a099-0fb4a36f787d",
              "title": "generatePublishResponse()",
              "fullFile": "/home/runner/work/semantic-release-jsr/semantic-release-jsr/test/lib/utils.ts",
              "file": "/test/lib/utils.ts",
              "beforeHooks": [],
              "afterHooks": [],
              "tests": [
                {
                  "title": "should work with release",
                  "fullTitle": "Utils generatePublishResponse() should work with release",
                  "timedOut": false,
                  "duration": 0,
                  "state": "passed",
                  "speed": "fast",
                  "pass": true,
                  "fail": false,
                  "pending": false,
                  "context": null,
                  "code": "const config={cwd:process.cwd(),name:\"@sebbo2002/ical-generator\",prepare:{versionJsonPaths:[]},publish:{binFolder:\"\",canary:false,pkgJsonPath:\"\",publishArgs:[]}};const context={nextRelease:{channel:\"\",gitHead:\"\",gitTag:\"v1.2.3\",name:\"v1.2.3\",notes:\"# [1.2.3](\\u2026)\",type:\"patch\",version:\"1.2.3\"}};const response=generatePublishResponse(config,context);assert.deepStrictEqual(response,{name:\"JSR.io\",url:\"https://jsr.io/@sebbo2002/ical-generator@1.2.3\"})",
                  "err": {},
                  "uuid": "18e7b45a-c765-495d-b3f0-255616e12f58",
                  "parentUUID": "1da5fd55-d7a4-45b0-a099-0fb4a36f787d",
                  "isHook": false,
                  "skipped": false
                },
                {
                  "title": "should work without release",
                  "fullTitle": "Utils generatePublishResponse() should work without release",
                  "timedOut": false,
                  "duration": 0,
                  "state": "passed",
                  "speed": "fast",
                  "pass": true,
                  "fail": false,
                  "pending": false,
                  "context": null,
                  "code": "const config={cwd:process.cwd(),name:\"@sebbo2002/ical-generator\",prepare:{versionJsonPaths:[]},publish:{binFolder:\"\",canary:false,pkgJsonPath:\"\",publishArgs:[]}};const context={};const response=generatePublishResponse(config,context);assert.deepStrictEqual(response,{name:\"JSR.io\",url:\"https://jsr.io/@sebbo2002/ical-generator/versions\"})",
                  "err": {},
                  "uuid": "fa758537-06d6-40df-b22d-1a0391c0d47f",
                  "parentUUID": "1da5fd55-d7a4-45b0-a099-0fb4a36f787d",
                  "isHook": false,
                  "skipped": false
                }
              ],
              "suites": [],
              "passes": [
                "18e7b45a-c765-495d-b3f0-255616e12f58",
                "fa758537-06d6-40df-b22d-1a0391c0d47f"
              ],
              "failures": [],
              "pending": [],
              "skipped": [],
              "duration": 0,
              "root": false,
              "rootEmpty": false,
              "_timeout": 2000
            },
            {
              "uuid": "40392162-f568-4e53-b3fa-3b04db4212a2",
              "title": "updateVersionJson()",
              "fullFile": "/home/runner/work/semantic-release-jsr/semantic-release-jsr/test/lib/utils.ts",
              "file": "/test/lib/utils.ts",
              "beforeHooks": [
                {
                  "title": "\"before each\" hook in \"updateVersionJson()\"",
                  "fullTitle": "Utils updateVersionJson() \"before each\" hook in \"updateVersionJson()\"",
                  "timedOut": false,
                  "duration": 0,
                  "state": null,
                  "speed": null,
                  "pass": false,
                  "fail": false,
                  "pending": false,
                  "context": null,
                  "code": "tmpDir=await mkdtemp(join(tmpdir(),\"semantic-release-jsr-\"));filePath=join(tmpDir,\"package.json\")",
                  "err": {},
                  "uuid": "a887d4c5-acbc-4ab4-9060-d1bed171f517",
                  "parentUUID": "40392162-f568-4e53-b3fa-3b04db4212a2",
                  "isHook": true,
                  "skipped": false
                }
              ],
              "afterHooks": [
                {
                  "title": "\"after each\" hook in \"updateVersionJson()\"",
                  "fullTitle": "Utils updateVersionJson() \"after each\" hook in \"updateVersionJson()\"",
                  "timedOut": false,
                  "duration": 0,
                  "state": null,
                  "speed": null,
                  "pass": false,
                  "fail": false,
                  "pending": false,
                  "context": null,
                  "code": "await rm(tmpDir,{force:true,recursive:true})",
                  "err": {},
                  "uuid": "ccec8f54-53db-481f-a655-93fab41ee1eb",
                  "parentUUID": "40392162-f568-4e53-b3fa-3b04db4212a2",
                  "isHook": true,
                  "skipped": false
                }
              ],
              "tests": [
                {
                  "title": "should throw an error if the version could not be replaced",
                  "fullTitle": "Utils updateVersionJson() should throw an error if the version could not be replaced",
                  "timedOut": false,
                  "duration": 1,
                  "state": "passed",
                  "speed": "fast",
                  "pass": true,
                  "fail": false,
                  "pending": false,
                  "context": null,
                  "code": "const mockFile=\"{}\";await writeFile(filePath,mockFile,\"utf8\");const context={logger:{log:__name(()=>{},\"log\")},nextRelease:{version:\"1.2.3\"}};await assert.rejects(updateVersionJson(filePath,context),/Failed to replace version in/)",
                  "err": {},
                  "uuid": "81349f7c-a1b3-4d34-af9c-be1113994e8e",
                  "parentUUID": "40392162-f568-4e53-b3fa-3b04db4212a2",
                  "isHook": false,
                  "skipped": false
                }
              ],
              "suites": [
                {
                  "uuid": "22b90cfb-5289-4e90-84d3-c480c5af59f6",
                  "title": "different version",
                  "fullFile": "/home/runner/work/semantic-release-jsr/semantic-release-jsr/test/lib/utils.ts",
                  "file": "/test/lib/utils.ts",
                  "beforeHooks": [],
                  "afterHooks": [],
                  "tests": [
                    {
                      "title": "should update version if they are different",
                      "fullTitle": "Utils updateVersionJson() different version should update version if they are different",
                      "timedOut": false,
                      "duration": 1,
                      "state": "passed",
                      "speed": "fast",
                      "pass": true,
                      "fail": false,
                      "pending": false,
                      "context": null,
                      "code": "const mockFile='{ \"version\": \"1.2.3\" }';await writeFile(filePath,mockFile,\"utf8\");const context={logger:{log:__name(()=>{},\"log\")},nextRelease:{version:\"1.2.4\"}};await updateVersionJson(filePath,context);const updatedFile=await readFile(filePath,\"utf8\");assert.strictEqual(updatedFile,'{ \"version\": \"1.2.4\" }')",
                      "err": {},
                      "uuid": "07c03279-d66c-4582-a438-6c78bc091c40",
                      "parentUUID": "22b90cfb-5289-4e90-84d3-c480c5af59f6",
                      "isHook": false,
                      "skipped": false
                    },
                    {
                      "title": "should update version if they are different (no whitespace)",
                      "fullTitle": "Utils updateVersionJson() different version should update version if they are different (no whitespace)",
                      "timedOut": false,
                      "duration": 1,
                      "state": "passed",
                      "speed": "fast",
                      "pass": true,
                      "fail": false,
                      "pending": false,
                      "context": null,
                      "code": "const mockFile='{\"version\":\"1.2.3\"}';await writeFile(filePath,mockFile,\"utf8\");const context={logger:{log:__name(()=>{},\"log\")},nextRelease:{version:\"1.2.4\"}};await updateVersionJson(filePath,context);const updatedFile=await readFile(filePath,\"utf8\");assert.strictEqual(updatedFile,'{\"version\":\"1.2.4\"}')",
                      "err": {},
                      "uuid": "8adff5ed-51be-41bc-bc49-dd3ee1971c75",
                      "parentUUID": "22b90cfb-5289-4e90-84d3-c480c5af59f6",
                      "isHook": false,
                      "skipped": false
                    },
                    {
                      "title": "should update version if they are different (mixed whitespace)",
                      "fullTitle": "Utils updateVersionJson() different version should update version if they are different (mixed whitespace)",
                      "timedOut": false,
                      "duration": 1,
                      "state": "passed",
                      "speed": "fast",
                      "pass": true,
                      "fail": false,
                      "pending": false,
                      "context": null,
                      "code": "const mockFile='{\"version\"   :\"1.2.3\"   }';await writeFile(filePath,mockFile,\"utf8\");const context={logger:{log:__name(()=>{},\"log\")},nextRelease:{version:\"1.2.4\"}};await updateVersionJson(filePath,context);const updatedFile=await readFile(filePath,\"utf8\");assert.strictEqual(updatedFile,'{\"version\"   :\"1.2.4\"   }')",
                      "err": {},
                      "uuid": "10df46f2-aeaa-4e2d-92c2-fe0ff36d5651",
                      "parentUUID": "22b90cfb-5289-4e90-84d3-c480c5af59f6",
                      "isHook": false,
                      "skipped": false
                    },
                    {
                      "title": "should update version if they are different (beta version)",
                      "fullTitle": "Utils updateVersionJson() different version should update version if they are different (beta version)",
                      "timedOut": false,
                      "duration": 1,
                      "state": "passed",
                      "speed": "fast",
                      "pass": true,
                      "fail": false,
                      "pending": false,
                      "context": null,
                      "code": "const mockFile='{ \"version\": \"1.2.3-beta.3\" }';await writeFile(filePath,mockFile,\"utf8\");const context={logger:{log:__name(()=>{},\"log\")},nextRelease:{version:\"1.2.3-beta.4\"}};await updateVersionJson(filePath,context);const updatedFile=await readFile(filePath,\"utf8\");assert.strictEqual(updatedFile,'{ \"version\": \"1.2.3-beta.4\" }')",
                      "err": {},
                      "uuid": "89ba4b5f-27a6-4773-92e6-4d3ddf667cda",
                      "parentUUID": "22b90cfb-5289-4e90-84d3-c480c5af59f6",
                      "isHook": false,
                      "skipped": false
                    }
                  ],
                  "suites": [],
                  "passes": [
                    "07c03279-d66c-4582-a438-6c78bc091c40",
                    "8adff5ed-51be-41bc-bc49-dd3ee1971c75",
                    "10df46f2-aeaa-4e2d-92c2-fe0ff36d5651",
                    "89ba4b5f-27a6-4773-92e6-4d3ddf667cda"
                  ],
                  "failures": [],
                  "pending": [],
                  "skipped": [],
                  "duration": 4,
                  "root": false,
                  "rootEmpty": false,
                  "_timeout": 2000
                },
                {
                  "uuid": "1604a40e-def8-4a9a-9658-44e96eee9a67",
                  "title": "same version",
                  "fullFile": "/home/runner/work/semantic-release-jsr/semantic-release-jsr/test/lib/utils.ts",
                  "file": "/test/lib/utils.ts",
                  "beforeHooks": [],
                  "afterHooks": [],
                  "tests": [
                    {
                      "title": "should skip when version is already up to date",
                      "fullTitle": "Utils updateVersionJson() same version should skip when version is already up to date",
                      "timedOut": false,
                      "duration": 1,
                      "state": "passed",
                      "speed": "fast",
                      "pass": true,
                      "fail": false,
                      "pending": false,
                      "context": null,
                      "code": "const mockFile='{ \"version\": \"1.2.3\" }';await writeFile(filePath,mockFile,\"utf8\");let matched=false;const context={logger:{log:__name(msg=>{if(typeof msg===\"string\"){const match=msg.match(/Skipped, (.+) is already up to date/);if(match){assert.strictEqual(match[1],filePath);matched=true}}},\"log\")},nextRelease:{version:\"1.2.3\"}};await updateVersionJson(filePath,context);const updatedFile=await readFile(filePath,\"utf8\");assert.strictEqual(updatedFile,mockFile);assert.ok(matched)",
                      "err": {},
                      "uuid": "7751757f-4e14-4bb7-a4f2-66027d663ce4",
                      "parentUUID": "1604a40e-def8-4a9a-9658-44e96eee9a67",
                      "isHook": false,
                      "skipped": false
                    }
                  ],
                  "suites": [],
                  "passes": [
                    "7751757f-4e14-4bb7-a4f2-66027d663ce4"
                  ],
                  "failures": [],
                  "pending": [],
                  "skipped": [],
                  "duration": 1,
                  "root": false,
                  "rootEmpty": false,
                  "_timeout": 2000
                }
              ],
              "passes": [
                "81349f7c-a1b3-4d34-af9c-be1113994e8e"
              ],
              "failures": [],
              "pending": [],
              "skipped": [],
              "duration": 1,
              "root": false,
              "rootEmpty": false,
              "_timeout": 2000
            }
          ],
          "passes": [],
          "failures": [],
          "pending": [],
          "skipped": [],
          "duration": 0,
          "root": false,
          "rootEmpty": false,
          "_timeout": 2000
        }
      ],
      "passes": [],
      "failures": [],
      "pending": [],
      "skipped": [],
      "duration": 0,
      "root": true,
      "rootEmpty": true,
      "_timeout": 2000
    }
  ],
  "meta": {
    "mocha": {
      "version": "11.2.2"
    },
    "mochawesome": {
      "options": {
        "quiet": false,
        "reportFilename": "mochawesome",
        "saveHtml": true,
        "saveJson": true,
        "consoleReporter": "spec",
        "useInlineDiffs": false,
        "code": true
      },
      "version": "7.1.3"
    },
    "marge": {
      "options": null,
      "version": "6.2.0"
    }
  }
}