{
  "stats": {
    "suites": 5,
    "tests": 8,
    "passes": 8,
    "pending": 0,
    "failures": 0,
    "start": "2024-11-28T19:08:59.036Z",
    "end": "2024-11-28T19:08:59.053Z",
    "duration": 17,
    "testsRegistered": 8,
    "passPercent": 100,
    "pendingPercent": 0,
    "other": 0,
    "hasOther": false,
    "skipped": 0,
    "hasSkipped": false
  },
  "results": [
    {
      "uuid": "e79363d8-e925-4177-bf97-d407e38aa73d",
      "title": "",
      "fullFile": "/home/runner/work/semantic-release-jsr/semantic-release-jsr/test/lib/utils.ts",
      "file": "/test/lib/utils.ts",
      "beforeHooks": [],
      "afterHooks": [],
      "tests": [],
      "suites": [
        {
          "uuid": "9ae60dd3-fee7-44de-850f-419956548e9e",
          "title": "Utils",
          "fullFile": "/home/runner/work/semantic-release-jsr/semantic-release-jsr/test/lib/utils.ts",
          "file": "/test/lib/utils.ts",
          "beforeHooks": [],
          "afterHooks": [],
          "tests": [],
          "suites": [
            {
              "uuid": "6c5b4078-7486-446b-9b7f-92af095e839e",
              "title": "generatePublishResponse()",
              "fullFile": "/home/runner/work/semantic-release-jsr/semantic-release-jsr/test/lib/utils.ts",
              "file": "/test/lib/utils.ts",
              "beforeHooks": [],
              "afterHooks": [],
              "tests": [
                {
                  "title": "should work with release",
                  "fullTitle": "Utils generatePublishResponse() should work with release",
                  "timedOut": false,
                  "duration": 1,
                  "state": "passed",
                  "speed": "fast",
                  "pass": true,
                  "fail": false,
                  "pending": false,
                  "context": null,
                  "code": "const config={cwd:process.cwd(),name:\"@sebbo2002/ical-generator\",prepare:{versionJsonPaths:[]},publish:{binFolder:\"\",canary:false,pkgJsonPath:\"\",publishArgs:[]}};const context={nextRelease:{version:\"1.2.3\",gitTag:\"v1.2.3\",name:\"v1.2.3\",type:\"patch\",channel:\"\",gitHead:\"\",notes:\"# [1.2.3](\\u2026)\"}};const response=generatePublishResponse(config,context);assert.deepStrictEqual(response,{name:\"JSR.io\",url:\"https://jsr.io/@sebbo2002/ical-generator@1.2.3\"})",
                  "err": {},
                  "uuid": "981045e3-9e58-4989-be58-d5c2a140f164",
                  "parentUUID": "6c5b4078-7486-446b-9b7f-92af095e839e",
                  "isHook": false,
                  "skipped": false
                },
                {
                  "title": "should work without release",
                  "fullTitle": "Utils generatePublishResponse() should work without release",
                  "timedOut": false,
                  "duration": 0,
                  "state": "passed",
                  "speed": "fast",
                  "pass": true,
                  "fail": false,
                  "pending": false,
                  "context": null,
                  "code": "const config={cwd:process.cwd(),name:\"@sebbo2002/ical-generator\",prepare:{versionJsonPaths:[]},publish:{binFolder:\"\",canary:false,pkgJsonPath:\"\",publishArgs:[]}};const context={};const response=generatePublishResponse(config,context);assert.deepStrictEqual(response,{name:\"JSR.io\",url:\"https://jsr.io/@sebbo2002/ical-generator/versions\"})",
                  "err": {},
                  "uuid": "98a764bd-c7b9-4667-addb-390dc3df923d",
                  "parentUUID": "6c5b4078-7486-446b-9b7f-92af095e839e",
                  "isHook": false,
                  "skipped": false
                }
              ],
              "suites": [],
              "passes": [
                "981045e3-9e58-4989-be58-d5c2a140f164",
                "98a764bd-c7b9-4667-addb-390dc3df923d"
              ],
              "failures": [],
              "pending": [],
              "skipped": [],
              "duration": 1,
              "root": false,
              "rootEmpty": false,
              "_timeout": 2000
            },
            {
              "uuid": "0484d1bf-9b66-46a3-8294-46e674bfa0d4",
              "title": "updateVersionJson()",
              "fullFile": "/home/runner/work/semantic-release-jsr/semantic-release-jsr/test/lib/utils.ts",
              "file": "/test/lib/utils.ts",
              "beforeHooks": [
                {
                  "title": "\"before each\" hook in \"updateVersionJson()\"",
                  "fullTitle": "Utils updateVersionJson() \"before each\" hook in \"updateVersionJson()\"",
                  "timedOut": false,
                  "duration": 0,
                  "state": null,
                  "speed": null,
                  "pass": false,
                  "fail": false,
                  "pending": false,
                  "context": null,
                  "code": "tmpDir=await mkdtemp(join(tmpdir(),\"semantic-release-jsr-\"));filePath=join(tmpDir,\"package.json\")",
                  "err": {},
                  "uuid": "b75db989-c1cc-4afb-8e4a-fce6458cc542",
                  "parentUUID": "0484d1bf-9b66-46a3-8294-46e674bfa0d4",
                  "isHook": true,
                  "skipped": false
                }
              ],
              "afterHooks": [
                {
                  "title": "\"after each\" hook in \"updateVersionJson()\"",
                  "fullTitle": "Utils updateVersionJson() \"after each\" hook in \"updateVersionJson()\"",
                  "timedOut": false,
                  "duration": 1,
                  "state": null,
                  "speed": null,
                  "pass": false,
                  "fail": false,
                  "pending": false,
                  "context": null,
                  "code": "await rm(tmpDir,{recursive:true,force:true})",
                  "err": {},
                  "uuid": "8d9ef72f-f68d-45f6-895b-121d9dffe3f8",
                  "parentUUID": "0484d1bf-9b66-46a3-8294-46e674bfa0d4",
                  "isHook": true,
                  "skipped": false
                }
              ],
              "tests": [
                {
                  "title": "should throw an error if the version could not be replaced",
                  "fullTitle": "Utils updateVersionJson() should throw an error if the version could not be replaced",
                  "timedOut": false,
                  "duration": 1,
                  "state": "passed",
                  "speed": "fast",
                  "pass": true,
                  "fail": false,
                  "pending": false,
                  "context": null,
                  "code": "const mockFile=\"{}\";await writeFile(filePath,mockFile,\"utf8\");const context={nextRelease:{version:\"1.2.3\"},logger:{log:__name(()=>{},\"log\")}};await assert.rejects(updateVersionJson(filePath,context),/Failed to replace version in/)",
                  "err": {},
                  "uuid": "5fc6a9c5-b5d7-4d9b-9bd4-6f1ea0d1433a",
                  "parentUUID": "0484d1bf-9b66-46a3-8294-46e674bfa0d4",
                  "isHook": false,
                  "skipped": false
                }
              ],
              "suites": [
                {
                  "uuid": "00f6a7d5-891c-4176-aa63-f97e06e71cff",
                  "title": "different version",
                  "fullFile": "/home/runner/work/semantic-release-jsr/semantic-release-jsr/test/lib/utils.ts",
                  "file": "/test/lib/utils.ts",
                  "beforeHooks": [],
                  "afterHooks": [],
                  "tests": [
                    {
                      "title": "should update version if they are different",
                      "fullTitle": "Utils updateVersionJson() different version should update version if they are different",
                      "timedOut": false,
                      "duration": 1,
                      "state": "passed",
                      "speed": "fast",
                      "pass": true,
                      "fail": false,
                      "pending": false,
                      "context": null,
                      "code": "const mockFile='{ \"version\": \"1.2.3\" }';await writeFile(filePath,mockFile,\"utf8\");const context={nextRelease:{version:\"1.2.4\"},logger:{log:__name(()=>{},\"log\")}};await updateVersionJson(filePath,context);const updatedFile=await readFile(filePath,\"utf8\");assert.strictEqual(updatedFile,'{ \"version\": \"1.2.4\" }')",
                      "err": {},
                      "uuid": "f1c37a2e-e370-437d-9028-bc95c840307d",
                      "parentUUID": "00f6a7d5-891c-4176-aa63-f97e06e71cff",
                      "isHook": false,
                      "skipped": false
                    },
                    {
                      "title": "should update version if they are different (no whitespace)",
                      "fullTitle": "Utils updateVersionJson() different version should update version if they are different (no whitespace)",
                      "timedOut": false,
                      "duration": 1,
                      "state": "passed",
                      "speed": "fast",
                      "pass": true,
                      "fail": false,
                      "pending": false,
                      "context": null,
                      "code": "const mockFile='{\"version\":\"1.2.3\"}';await writeFile(filePath,mockFile,\"utf8\");const context={nextRelease:{version:\"1.2.4\"},logger:{log:__name(()=>{},\"log\")}};await updateVersionJson(filePath,context);const updatedFile=await readFile(filePath,\"utf8\");assert.strictEqual(updatedFile,'{\"version\":\"1.2.4\"}')",
                      "err": {},
                      "uuid": "ac584413-fc7b-4de9-ac19-91caa9c1372c",
                      "parentUUID": "00f6a7d5-891c-4176-aa63-f97e06e71cff",
                      "isHook": false,
                      "skipped": false
                    },
                    {
                      "title": "should update version if they are different (mixed whitespace)",
                      "fullTitle": "Utils updateVersionJson() different version should update version if they are different (mixed whitespace)",
                      "timedOut": false,
                      "duration": 1,
                      "state": "passed",
                      "speed": "fast",
                      "pass": true,
                      "fail": false,
                      "pending": false,
                      "context": null,
                      "code": "const mockFile='{\"version\"   :\"1.2.3\"   }';await writeFile(filePath,mockFile,\"utf8\");const context={nextRelease:{version:\"1.2.4\"},logger:{log:__name(()=>{},\"log\")}};await updateVersionJson(filePath,context);const updatedFile=await readFile(filePath,\"utf8\");assert.strictEqual(updatedFile,'{\"version\"   :\"1.2.4\"   }')",
                      "err": {},
                      "uuid": "b4a78d5a-09e9-4958-b59e-c91566155468",
                      "parentUUID": "00f6a7d5-891c-4176-aa63-f97e06e71cff",
                      "isHook": false,
                      "skipped": false
                    },
                    {
                      "title": "should update version if they are different (beta version)",
                      "fullTitle": "Utils updateVersionJson() different version should update version if they are different (beta version)",
                      "timedOut": false,
                      "duration": 1,
                      "state": "passed",
                      "speed": "fast",
                      "pass": true,
                      "fail": false,
                      "pending": false,
                      "context": null,
                      "code": "const mockFile='{ \"version\": \"1.2.3-beta.3\" }';await writeFile(filePath,mockFile,\"utf8\");const context={nextRelease:{version:\"1.2.3-beta.4\"},logger:{log:__name(()=>{},\"log\")}};await updateVersionJson(filePath,context);const updatedFile=await readFile(filePath,\"utf8\");assert.strictEqual(updatedFile,'{ \"version\": \"1.2.3-beta.4\" }')",
                      "err": {},
                      "uuid": "62b86ce1-81da-4857-a4e2-362f4fc4f4dd",
                      "parentUUID": "00f6a7d5-891c-4176-aa63-f97e06e71cff",
                      "isHook": false,
                      "skipped": false
                    }
                  ],
                  "suites": [],
                  "passes": [
                    "f1c37a2e-e370-437d-9028-bc95c840307d",
                    "ac584413-fc7b-4de9-ac19-91caa9c1372c",
                    "b4a78d5a-09e9-4958-b59e-c91566155468",
                    "62b86ce1-81da-4857-a4e2-362f4fc4f4dd"
                  ],
                  "failures": [],
                  "pending": [],
                  "skipped": [],
                  "duration": 4,
                  "root": false,
                  "rootEmpty": false,
                  "_timeout": 2000
                },
                {
                  "uuid": "01630861-d8be-4dd1-95b5-5507a2c74085",
                  "title": "same version",
                  "fullFile": "/home/runner/work/semantic-release-jsr/semantic-release-jsr/test/lib/utils.ts",
                  "file": "/test/lib/utils.ts",
                  "beforeHooks": [],
                  "afterHooks": [],
                  "tests": [
                    {
                      "title": "should skip when version is already up to date",
                      "fullTitle": "Utils updateVersionJson() same version should skip when version is already up to date",
                      "timedOut": false,
                      "duration": 1,
                      "state": "passed",
                      "speed": "fast",
                      "pass": true,
                      "fail": false,
                      "pending": false,
                      "context": null,
                      "code": "const mockFile='{ \"version\": \"1.2.3\" }';await writeFile(filePath,mockFile,\"utf8\");let matched=false;const context={nextRelease:{version:\"1.2.3\"},logger:{log:__name(msg=>{if(typeof msg===\"string\"){const match=msg.match(/Skipped, (.+) is already up to date/);if(match){assert.strictEqual(match[1],filePath);matched=true}}},\"log\")}};await updateVersionJson(filePath,context);const updatedFile=await readFile(filePath,\"utf8\");assert.strictEqual(updatedFile,mockFile);assert.ok(matched)",
                      "err": {},
                      "uuid": "dc42b14b-bd2e-48a4-bfbc-8a56cf9c4185",
                      "parentUUID": "01630861-d8be-4dd1-95b5-5507a2c74085",
                      "isHook": false,
                      "skipped": false
                    }
                  ],
                  "suites": [],
                  "passes": [
                    "dc42b14b-bd2e-48a4-bfbc-8a56cf9c4185"
                  ],
                  "failures": [],
                  "pending": [],
                  "skipped": [],
                  "duration": 1,
                  "root": false,
                  "rootEmpty": false,
                  "_timeout": 2000
                }
              ],
              "passes": [
                "5fc6a9c5-b5d7-4d9b-9bd4-6f1ea0d1433a"
              ],
              "failures": [],
              "pending": [],
              "skipped": [],
              "duration": 1,
              "root": false,
              "rootEmpty": false,
              "_timeout": 2000
            }
          ],
          "passes": [],
          "failures": [],
          "pending": [],
          "skipped": [],
          "duration": 0,
          "root": false,
          "rootEmpty": false,
          "_timeout": 2000
        }
      ],
      "passes": [],
      "failures": [],
      "pending": [],
      "skipped": [],
      "duration": 0,
      "root": true,
      "rootEmpty": true,
      "_timeout": 2000
    }
  ],
  "meta": {
    "mocha": {
      "version": "10.8.2"
    },
    "mochawesome": {
      "options": {
        "quiet": false,
        "reportFilename": "mochawesome",
        "saveHtml": true,
        "saveJson": true,
        "consoleReporter": "spec",
        "useInlineDiffs": false,
        "code": true
      },
      "version": "7.1.3"
    },
    "marge": {
      "options": null,
      "version": "6.2.0"
    }
  }
}