{
  "stats": {
    "suites": 5,
    "tests": 8,
    "passes": 8,
    "pending": 0,
    "failures": 0,
    "start": "2025-09-10T05:01:54.428Z",
    "end": "2025-09-10T05:01:54.452Z",
    "duration": 24,
    "testsRegistered": 8,
    "passPercent": 100,
    "pendingPercent": 0,
    "other": 0,
    "hasOther": false,
    "skipped": 0,
    "hasSkipped": false
  },
  "results": [
    {
      "uuid": "2348c87f-952a-4338-9a1b-ab6825840676",
      "title": "",
      "fullFile": "/home/runner/work/semantic-release-jsr/semantic-release-jsr/test/lib/utils.ts",
      "file": "/test/lib/utils.ts",
      "beforeHooks": [],
      "afterHooks": [],
      "tests": [],
      "suites": [
        {
          "uuid": "10de3dce-7bf7-4172-90b9-22c190491b3f",
          "title": "Utils",
          "fullFile": "/home/runner/work/semantic-release-jsr/semantic-release-jsr/test/lib/utils.ts",
          "file": "/test/lib/utils.ts",
          "beforeHooks": [],
          "afterHooks": [],
          "tests": [],
          "suites": [
            {
              "uuid": "1a54e09b-2d39-40d5-8a97-37cfb564c1c7",
              "title": "generatePublishResponse()",
              "fullFile": "/home/runner/work/semantic-release-jsr/semantic-release-jsr/test/lib/utils.ts",
              "file": "/test/lib/utils.ts",
              "beforeHooks": [],
              "afterHooks": [],
              "tests": [
                {
                  "title": "should work with release",
                  "fullTitle": "Utils generatePublishResponse() should work with release",
                  "timedOut": false,
                  "duration": 0,
                  "state": "passed",
                  "speed": "fast",
                  "pass": true,
                  "fail": false,
                  "pending": false,
                  "context": null,
                  "code": "const config={cwd:process.cwd(),name:\"@sebbo2002/ical-generator\",prepare:{versionJsonPaths:[]},publish:{binFolder:\"\",canary:false,pkgJsonPath:\"\",publishArgs:[]}};const context={nextRelease:{channel:\"\",gitHead:\"\",gitTag:\"v1.2.3\",name:\"v1.2.3\",notes:\"# [1.2.3](\\u2026)\",type:\"patch\",version:\"1.2.3\"}};const response=(0,import_src.generatePublishResponse)(config,context);assert.deepStrictEqual(response,{name:\"JSR.io\",url:\"https://jsr.io/@sebbo2002/ical-generator@1.2.3\"})",
                  "err": {},
                  "uuid": "5c29a67a-8845-433b-a695-265ab3da62a8",
                  "parentUUID": "1a54e09b-2d39-40d5-8a97-37cfb564c1c7",
                  "isHook": false,
                  "skipped": false
                },
                {
                  "title": "should work without release",
                  "fullTitle": "Utils generatePublishResponse() should work without release",
                  "timedOut": false,
                  "duration": 0,
                  "state": "passed",
                  "speed": "fast",
                  "pass": true,
                  "fail": false,
                  "pending": false,
                  "context": null,
                  "code": "const config={cwd:process.cwd(),name:\"@sebbo2002/ical-generator\",prepare:{versionJsonPaths:[]},publish:{binFolder:\"\",canary:false,pkgJsonPath:\"\",publishArgs:[]}};const context={};const response=(0,import_src.generatePublishResponse)(config,context);assert.deepStrictEqual(response,{name:\"JSR.io\",url:\"https://jsr.io/@sebbo2002/ical-generator/versions\"})",
                  "err": {},
                  "uuid": "644d6e74-6771-44ee-ae20-cd243af145f7",
                  "parentUUID": "1a54e09b-2d39-40d5-8a97-37cfb564c1c7",
                  "isHook": false,
                  "skipped": false
                }
              ],
              "suites": [],
              "passes": [
                "5c29a67a-8845-433b-a695-265ab3da62a8",
                "644d6e74-6771-44ee-ae20-cd243af145f7"
              ],
              "failures": [],
              "pending": [],
              "skipped": [],
              "duration": 0,
              "root": false,
              "rootEmpty": false,
              "_timeout": 2000
            },
            {
              "uuid": "7dc5ccdf-0ea2-4eab-bbeb-5c7041d07be8",
              "title": "updateVersionJson()",
              "fullFile": "/home/runner/work/semantic-release-jsr/semantic-release-jsr/test/lib/utils.ts",
              "file": "/test/lib/utils.ts",
              "beforeHooks": [
                {
                  "title": "\"before each\" hook in \"updateVersionJson()\"",
                  "fullTitle": "Utils updateVersionJson() \"before each\" hook in \"updateVersionJson()\"",
                  "timedOut": false,
                  "duration": 0,
                  "state": null,
                  "speed": null,
                  "pass": false,
                  "fail": false,
                  "pending": false,
                  "context": null,
                  "code": "tmpDir=await(0,import_promises.mkdtemp)((0,import_node_path.join)((0,import_node_os.tmpdir)(),\"semantic-release-jsr-\"));filePath=(0,import_node_path.join)(tmpDir,\"package.json\")",
                  "err": {},
                  "uuid": "7327efae-d6d4-433e-9a02-26facaca17a9",
                  "parentUUID": "7dc5ccdf-0ea2-4eab-bbeb-5c7041d07be8",
                  "isHook": true,
                  "skipped": false
                }
              ],
              "afterHooks": [
                {
                  "title": "\"after each\" hook in \"updateVersionJson()\"",
                  "fullTitle": "Utils updateVersionJson() \"after each\" hook in \"updateVersionJson()\"",
                  "timedOut": false,
                  "duration": 0,
                  "state": null,
                  "speed": null,
                  "pass": false,
                  "fail": false,
                  "pending": false,
                  "context": null,
                  "code": "await(0,import_promises.rm)(tmpDir,{force:true,recursive:true})",
                  "err": {},
                  "uuid": "0b53057b-e42d-4e8e-ab71-df593b2e684c",
                  "parentUUID": "7dc5ccdf-0ea2-4eab-bbeb-5c7041d07be8",
                  "isHook": true,
                  "skipped": false
                }
              ],
              "tests": [
                {
                  "title": "should throw an error if the version could not be replaced",
                  "fullTitle": "Utils updateVersionJson() should throw an error if the version could not be replaced",
                  "timedOut": false,
                  "duration": 1,
                  "state": "passed",
                  "speed": "fast",
                  "pass": true,
                  "fail": false,
                  "pending": false,
                  "context": null,
                  "code": "const mockFile=\"{}\";await(0,import_promises.writeFile)(filePath,mockFile,\"utf8\");const context={logger:{log:__name(()=>{},\"log\")},nextRelease:{version:\"1.2.3\"}};await assert.rejects((0,import_src.updateVersionJson)(filePath,context),/Failed to replace version in/)",
                  "err": {},
                  "uuid": "193fe8da-ad29-42ef-b1fe-ea9a7e138b00",
                  "parentUUID": "7dc5ccdf-0ea2-4eab-bbeb-5c7041d07be8",
                  "isHook": false,
                  "skipped": false
                }
              ],
              "suites": [
                {
                  "uuid": "11a601be-bc96-4353-b926-3e179f1ffb6a",
                  "title": "different version",
                  "fullFile": "/home/runner/work/semantic-release-jsr/semantic-release-jsr/test/lib/utils.ts",
                  "file": "/test/lib/utils.ts",
                  "beforeHooks": [],
                  "afterHooks": [],
                  "tests": [
                    {
                      "title": "should update version if they are different",
                      "fullTitle": "Utils updateVersionJson() different version should update version if they are different",
                      "timedOut": false,
                      "duration": 1,
                      "state": "passed",
                      "speed": "fast",
                      "pass": true,
                      "fail": false,
                      "pending": false,
                      "context": null,
                      "code": "const mockFile='{ \"version\": \"1.2.3\" }';await(0,import_promises.writeFile)(filePath,mockFile,\"utf8\");const context={logger:{log:__name(()=>{},\"log\")},nextRelease:{version:\"1.2.4\"}};await(0,import_src.updateVersionJson)(filePath,context);const updatedFile=await(0,import_promises.readFile)(filePath,\"utf8\");assert.strictEqual(updatedFile,'{ \"version\": \"1.2.4\" }')",
                      "err": {},
                      "uuid": "66ff5afa-64e5-48f9-8439-dd106bb2fe1f",
                      "parentUUID": "11a601be-bc96-4353-b926-3e179f1ffb6a",
                      "isHook": false,
                      "skipped": false
                    },
                    {
                      "title": "should update version if they are different (no whitespace)",
                      "fullTitle": "Utils updateVersionJson() different version should update version if they are different (no whitespace)",
                      "timedOut": false,
                      "duration": 1,
                      "state": "passed",
                      "speed": "fast",
                      "pass": true,
                      "fail": false,
                      "pending": false,
                      "context": null,
                      "code": "const mockFile='{\"version\":\"1.2.3\"}';await(0,import_promises.writeFile)(filePath,mockFile,\"utf8\");const context={logger:{log:__name(()=>{},\"log\")},nextRelease:{version:\"1.2.4\"}};await(0,import_src.updateVersionJson)(filePath,context);const updatedFile=await(0,import_promises.readFile)(filePath,\"utf8\");assert.strictEqual(updatedFile,'{\"version\":\"1.2.4\"}')",
                      "err": {},
                      "uuid": "25baa00f-1395-4e5c-b8c8-9b3d4db9d7af",
                      "parentUUID": "11a601be-bc96-4353-b926-3e179f1ffb6a",
                      "isHook": false,
                      "skipped": false
                    },
                    {
                      "title": "should update version if they are different (mixed whitespace)",
                      "fullTitle": "Utils updateVersionJson() different version should update version if they are different (mixed whitespace)",
                      "timedOut": false,
                      "duration": 1,
                      "state": "passed",
                      "speed": "fast",
                      "pass": true,
                      "fail": false,
                      "pending": false,
                      "context": null,
                      "code": "const mockFile='{\"version\"   :\"1.2.3\"   }';await(0,import_promises.writeFile)(filePath,mockFile,\"utf8\");const context={logger:{log:__name(()=>{},\"log\")},nextRelease:{version:\"1.2.4\"}};await(0,import_src.updateVersionJson)(filePath,context);const updatedFile=await(0,import_promises.readFile)(filePath,\"utf8\");assert.strictEqual(updatedFile,'{\"version\"   :\"1.2.4\"   }')",
                      "err": {},
                      "uuid": "cbeb90a4-e727-4548-979b-992c34cda253",
                      "parentUUID": "11a601be-bc96-4353-b926-3e179f1ffb6a",
                      "isHook": false,
                      "skipped": false
                    },
                    {
                      "title": "should update version if they are different (beta version)",
                      "fullTitle": "Utils updateVersionJson() different version should update version if they are different (beta version)",
                      "timedOut": false,
                      "duration": 1,
                      "state": "passed",
                      "speed": "fast",
                      "pass": true,
                      "fail": false,
                      "pending": false,
                      "context": null,
                      "code": "const mockFile='{ \"version\": \"1.2.3-beta.3\" }';await(0,import_promises.writeFile)(filePath,mockFile,\"utf8\");const context={logger:{log:__name(()=>{},\"log\")},nextRelease:{version:\"1.2.3-beta.4\"}};await(0,import_src.updateVersionJson)(filePath,context);const updatedFile=await(0,import_promises.readFile)(filePath,\"utf8\");assert.strictEqual(updatedFile,'{ \"version\": \"1.2.3-beta.4\" }')",
                      "err": {},
                      "uuid": "9b9f3f89-1ed9-4131-8fcf-0cf454027f5e",
                      "parentUUID": "11a601be-bc96-4353-b926-3e179f1ffb6a",
                      "isHook": false,
                      "skipped": false
                    }
                  ],
                  "suites": [],
                  "passes": [
                    "66ff5afa-64e5-48f9-8439-dd106bb2fe1f",
                    "25baa00f-1395-4e5c-b8c8-9b3d4db9d7af",
                    "cbeb90a4-e727-4548-979b-992c34cda253",
                    "9b9f3f89-1ed9-4131-8fcf-0cf454027f5e"
                  ],
                  "failures": [],
                  "pending": [],
                  "skipped": [],
                  "duration": 4,
                  "root": false,
                  "rootEmpty": false,
                  "_timeout": 2000
                },
                {
                  "uuid": "ce6ad1e0-fbbe-48ee-a4f3-e7ecdc3533b1",
                  "title": "same version",
                  "fullFile": "/home/runner/work/semantic-release-jsr/semantic-release-jsr/test/lib/utils.ts",
                  "file": "/test/lib/utils.ts",
                  "beforeHooks": [],
                  "afterHooks": [],
                  "tests": [
                    {
                      "title": "should skip when version is already up to date",
                      "fullTitle": "Utils updateVersionJson() same version should skip when version is already up to date",
                      "timedOut": false,
                      "duration": 0,
                      "state": "passed",
                      "speed": "fast",
                      "pass": true,
                      "fail": false,
                      "pending": false,
                      "context": null,
                      "code": "const mockFile='{ \"version\": \"1.2.3\" }';await(0,import_promises.writeFile)(filePath,mockFile,\"utf8\");let matched=false;const context={logger:{log:__name(msg=>{if(typeof msg===\"string\"){const match=msg.match(/Skipped, (.+) is already up to date/);if(match){assert.strictEqual(match[1],filePath);matched=true}}},\"log\")},nextRelease:{version:\"1.2.3\"}};await(0,import_src.updateVersionJson)(filePath,context);const updatedFile=await(0,import_promises.readFile)(filePath,\"utf8\");assert.strictEqual(updatedFile,mockFile);assert.ok(matched)",
                      "err": {},
                      "uuid": "cd417855-c69d-4280-9f69-df0cb1940e57",
                      "parentUUID": "ce6ad1e0-fbbe-48ee-a4f3-e7ecdc3533b1",
                      "isHook": false,
                      "skipped": false
                    }
                  ],
                  "suites": [],
                  "passes": [
                    "cd417855-c69d-4280-9f69-df0cb1940e57"
                  ],
                  "failures": [],
                  "pending": [],
                  "skipped": [],
                  "duration": 0,
                  "root": false,
                  "rootEmpty": false,
                  "_timeout": 2000
                }
              ],
              "passes": [
                "193fe8da-ad29-42ef-b1fe-ea9a7e138b00"
              ],
              "failures": [],
              "pending": [],
              "skipped": [],
              "duration": 1,
              "root": false,
              "rootEmpty": false,
              "_timeout": 2000
            }
          ],
          "passes": [],
          "failures": [],
          "pending": [],
          "skipped": [],
          "duration": 0,
          "root": false,
          "rootEmpty": false,
          "_timeout": 2000
        }
      ],
      "passes": [],
      "failures": [],
      "pending": [],
      "skipped": [],
      "duration": 0,
      "root": true,
      "rootEmpty": true,
      "_timeout": 2000
    }
  ],
  "meta": {
    "mocha": {
      "version": "11.7.2"
    },
    "mochawesome": {
      "options": {
        "quiet": false,
        "reportFilename": "mochawesome",
        "saveHtml": true,
        "saveJson": true,
        "consoleReporter": "spec",
        "useInlineDiffs": false,
        "code": true
      },
      "version": "7.1.3"
    },
    "marge": {
      "options": null,
      "version": "6.2.0"
    }
  }
}