{
  "stats": {
    "suites": 2,
    "tests": 2,
    "passes": 2,
    "pending": 0,
    "failures": 0,
    "start": "2024-04-16T19:09:10.604Z",
    "end": "2024-04-16T19:09:10.609Z",
    "duration": 5,
    "testsRegistered": 2,
    "passPercent": 100,
    "pendingPercent": 0,
    "other": 0,
    "hasOther": false,
    "skipped": 0,
    "hasSkipped": false
  },
  "results": [
    {
      "uuid": "5405106b-115d-4c12-9410-40bf0f1c803a",
      "title": "",
      "fullFile": "/home/runner/work/semantic-release-jsr/semantic-release-jsr/test/lib/utils.ts",
      "file": "/test/lib/utils.ts",
      "beforeHooks": [],
      "afterHooks": [],
      "tests": [],
      "suites": [
        {
          "uuid": "812f3885-a4e3-4fc4-bc0f-73cbda907864",
          "title": "Utils",
          "fullFile": "/home/runner/work/semantic-release-jsr/semantic-release-jsr/test/lib/utils.ts",
          "file": "/test/lib/utils.ts",
          "beforeHooks": [],
          "afterHooks": [],
          "tests": [],
          "suites": [
            {
              "uuid": "1ac71c92-0f3a-4127-b6ff-e6c4e6bcdc96",
              "title": "generatePublishResponse()",
              "fullFile": "/home/runner/work/semantic-release-jsr/semantic-release-jsr/test/lib/utils.ts",
              "file": "/test/lib/utils.ts",
              "beforeHooks": [],
              "afterHooks": [],
              "tests": [
                {
                  "title": "should work with release",
                  "fullTitle": "Utils generatePublishResponse() should work with release",
                  "timedOut": false,
                  "duration": 0,
                  "state": "passed",
                  "speed": "fast",
                  "pass": true,
                  "fail": false,
                  "pending": false,
                  "context": null,
                  "code": "const config = {\n    cwd: process.cwd(),\n    name: '@sebbo2002/ical-generator',\n    prepare: {\n        versionJsonPaths: []\n    },\n    publish: {\n        binFolder: '',\n        pkgJsonPath: '',\n        publishArgs: []\n    }\n};\nconst context = {\n    nextRelease: {\n        version: '1.2.3',\n        gitTag: 'v1.2.3',\n        name: 'v1.2.3',\n        type: 'patch',\n        channel: '',\n        gitHead: '',\n        notes: '# [1.2.3](…)'\n    }\n};\nconst response = generatePublishResponse(config, context);\nassert.deepStrictEqual(response, {\n    name: 'JSR.io',\n    url: 'https://jsr.io/@sebbo2002/ical-generator@1.2.3'\n});",
                  "err": {},
                  "uuid": "2f49f707-7e9c-4274-b12c-350f7632a9b7",
                  "parentUUID": "1ac71c92-0f3a-4127-b6ff-e6c4e6bcdc96",
                  "isHook": false,
                  "skipped": false
                },
                {
                  "title": "should work without release",
                  "fullTitle": "Utils generatePublishResponse() should work without release",
                  "timedOut": false,
                  "duration": 0,
                  "state": "passed",
                  "speed": "fast",
                  "pass": true,
                  "fail": false,
                  "pending": false,
                  "context": null,
                  "code": "const config = {\n    cwd: process.cwd(),\n    name: '@sebbo2002/ical-generator',\n    prepare: {\n        versionJsonPaths: []\n    },\n    publish: {\n        binFolder: '',\n        pkgJsonPath: '',\n        publishArgs: []\n    }\n};\nconst context = {};\nconst response = generatePublishResponse(config, context);\nassert.deepStrictEqual(response, {\n    name: 'JSR.io',\n    url: 'https://jsr.io/@sebbo2002/ical-generator/versions'\n});",
                  "err": {},
                  "uuid": "71213c58-72d8-40a1-a35d-c7bafe46478b",
                  "parentUUID": "1ac71c92-0f3a-4127-b6ff-e6c4e6bcdc96",
                  "isHook": false,
                  "skipped": false
                }
              ],
              "suites": [],
              "passes": [
                "2f49f707-7e9c-4274-b12c-350f7632a9b7",
                "71213c58-72d8-40a1-a35d-c7bafe46478b"
              ],
              "failures": [],
              "pending": [],
              "skipped": [],
              "duration": 0,
              "root": false,
              "rootEmpty": false,
              "_timeout": 2000
            }
          ],
          "passes": [],
          "failures": [],
          "pending": [],
          "skipped": [],
          "duration": 0,
          "root": false,
          "rootEmpty": false,
          "_timeout": 2000
        }
      ],
      "passes": [],
      "failures": [],
      "pending": [],
      "skipped": [],
      "duration": 0,
      "root": true,
      "rootEmpty": true,
      "_timeout": 2000
    }
  ],
  "meta": {
    "mocha": {
      "version": "10.4.0"
    },
    "mochawesome": {
      "options": {
        "quiet": false,
        "reportFilename": "mochawesome",
        "saveHtml": true,
        "saveJson": true,
        "consoleReporter": "spec",
        "useInlineDiffs": false,
        "code": true
      },
      "version": "7.1.3"
    },
    "marge": {
      "options": null,
      "version": "6.2.0"
    }
  }
}