{
  "stats": {
    "suites": 5,
    "tests": 8,
    "passes": 8,
    "pending": 0,
    "failures": 0,
    "start": "2025-04-04T05:00:08.692Z",
    "end": "2025-04-04T05:00:08.709Z",
    "duration": 17,
    "testsRegistered": 8,
    "passPercent": 100,
    "pendingPercent": 0,
    "other": 0,
    "hasOther": false,
    "skipped": 0,
    "hasSkipped": false
  },
  "results": [
    {
      "uuid": "e50356cb-e03b-44b1-9b73-6c7296b81e7c",
      "title": "",
      "fullFile": "/home/runner/work/semantic-release-jsr/semantic-release-jsr/test/lib/utils.ts",
      "file": "/test/lib/utils.ts",
      "beforeHooks": [],
      "afterHooks": [],
      "tests": [],
      "suites": [
        {
          "uuid": "3dbe1b44-d41a-4cc7-b600-2405394d70e8",
          "title": "Utils",
          "fullFile": "/home/runner/work/semantic-release-jsr/semantic-release-jsr/test/lib/utils.ts",
          "file": "/test/lib/utils.ts",
          "beforeHooks": [],
          "afterHooks": [],
          "tests": [],
          "suites": [
            {
              "uuid": "e394a1cc-48fc-4f9c-8710-516899b9f615",
              "title": "generatePublishResponse()",
              "fullFile": "/home/runner/work/semantic-release-jsr/semantic-release-jsr/test/lib/utils.ts",
              "file": "/test/lib/utils.ts",
              "beforeHooks": [],
              "afterHooks": [],
              "tests": [
                {
                  "title": "should work with release",
                  "fullTitle": "Utils generatePublishResponse() should work with release",
                  "timedOut": false,
                  "duration": 1,
                  "state": "passed",
                  "speed": "fast",
                  "pass": true,
                  "fail": false,
                  "pending": false,
                  "context": null,
                  "code": "const config={cwd:process.cwd(),name:\"@sebbo2002/ical-generator\",prepare:{versionJsonPaths:[]},publish:{binFolder:\"\",canary:false,pkgJsonPath:\"\",publishArgs:[]}};const context={nextRelease:{version:\"1.2.3\",gitTag:\"v1.2.3\",name:\"v1.2.3\",type:\"patch\",channel:\"\",gitHead:\"\",notes:\"# [1.2.3](\\u2026)\"}};const response=generatePublishResponse(config,context);assert.deepStrictEqual(response,{name:\"JSR.io\",url:\"https://jsr.io/@sebbo2002/ical-generator@1.2.3\"})",
                  "err": {},
                  "uuid": "d03d5820-1da4-49db-bdf8-2e0c15e3fd81",
                  "parentUUID": "e394a1cc-48fc-4f9c-8710-516899b9f615",
                  "isHook": false,
                  "skipped": false
                },
                {
                  "title": "should work without release",
                  "fullTitle": "Utils generatePublishResponse() should work without release",
                  "timedOut": false,
                  "duration": 0,
                  "state": "passed",
                  "speed": "fast",
                  "pass": true,
                  "fail": false,
                  "pending": false,
                  "context": null,
                  "code": "const config={cwd:process.cwd(),name:\"@sebbo2002/ical-generator\",prepare:{versionJsonPaths:[]},publish:{binFolder:\"\",canary:false,pkgJsonPath:\"\",publishArgs:[]}};const context={};const response=generatePublishResponse(config,context);assert.deepStrictEqual(response,{name:\"JSR.io\",url:\"https://jsr.io/@sebbo2002/ical-generator/versions\"})",
                  "err": {},
                  "uuid": "8f2bc205-ded5-4be0-84f1-d89741e503c9",
                  "parentUUID": "e394a1cc-48fc-4f9c-8710-516899b9f615",
                  "isHook": false,
                  "skipped": false
                }
              ],
              "suites": [],
              "passes": [
                "d03d5820-1da4-49db-bdf8-2e0c15e3fd81",
                "8f2bc205-ded5-4be0-84f1-d89741e503c9"
              ],
              "failures": [],
              "pending": [],
              "skipped": [],
              "duration": 1,
              "root": false,
              "rootEmpty": false,
              "_timeout": 2000
            },
            {
              "uuid": "bceb5ff1-edce-4930-9bcb-132a74236c27",
              "title": "updateVersionJson()",
              "fullFile": "/home/runner/work/semantic-release-jsr/semantic-release-jsr/test/lib/utils.ts",
              "file": "/test/lib/utils.ts",
              "beforeHooks": [
                {
                  "title": "\"before each\" hook in \"updateVersionJson()\"",
                  "fullTitle": "Utils updateVersionJson() \"before each\" hook in \"updateVersionJson()\"",
                  "timedOut": false,
                  "duration": 0,
                  "state": null,
                  "speed": null,
                  "pass": false,
                  "fail": false,
                  "pending": false,
                  "context": null,
                  "code": "tmpDir=await mkdtemp(join(tmpdir(),\"semantic-release-jsr-\"));filePath=join(tmpDir,\"package.json\")",
                  "err": {},
                  "uuid": "1e827821-3f7f-4f0f-a787-7e04fa998cb9",
                  "parentUUID": "bceb5ff1-edce-4930-9bcb-132a74236c27",
                  "isHook": true,
                  "skipped": false
                }
              ],
              "afterHooks": [
                {
                  "title": "\"after each\" hook in \"updateVersionJson()\"",
                  "fullTitle": "Utils updateVersionJson() \"after each\" hook in \"updateVersionJson()\"",
                  "timedOut": false,
                  "duration": 0,
                  "state": null,
                  "speed": null,
                  "pass": false,
                  "fail": false,
                  "pending": false,
                  "context": null,
                  "code": "await rm(tmpDir,{recursive:true,force:true})",
                  "err": {},
                  "uuid": "b59f3a28-0e43-43b9-b727-7f6e5eb10694",
                  "parentUUID": "bceb5ff1-edce-4930-9bcb-132a74236c27",
                  "isHook": true,
                  "skipped": false
                }
              ],
              "tests": [
                {
                  "title": "should throw an error if the version could not be replaced",
                  "fullTitle": "Utils updateVersionJson() should throw an error if the version could not be replaced",
                  "timedOut": false,
                  "duration": 1,
                  "state": "passed",
                  "speed": "fast",
                  "pass": true,
                  "fail": false,
                  "pending": false,
                  "context": null,
                  "code": "const mockFile=\"{}\";await writeFile(filePath,mockFile,\"utf8\");const context={nextRelease:{version:\"1.2.3\"},logger:{log:__name(()=>{},\"log\")}};await assert.rejects(updateVersionJson(filePath,context),/Failed to replace version in/)",
                  "err": {},
                  "uuid": "6e516833-bd72-4376-9f2a-7ebf4fc3020a",
                  "parentUUID": "bceb5ff1-edce-4930-9bcb-132a74236c27",
                  "isHook": false,
                  "skipped": false
                }
              ],
              "suites": [
                {
                  "uuid": "b8b4804b-ba31-4dde-a7b1-708a48941190",
                  "title": "different version",
                  "fullFile": "/home/runner/work/semantic-release-jsr/semantic-release-jsr/test/lib/utils.ts",
                  "file": "/test/lib/utils.ts",
                  "beforeHooks": [],
                  "afterHooks": [],
                  "tests": [
                    {
                      "title": "should update version if they are different",
                      "fullTitle": "Utils updateVersionJson() different version should update version if they are different",
                      "timedOut": false,
                      "duration": 1,
                      "state": "passed",
                      "speed": "fast",
                      "pass": true,
                      "fail": false,
                      "pending": false,
                      "context": null,
                      "code": "const mockFile='{ \"version\": \"1.2.3\" }';await writeFile(filePath,mockFile,\"utf8\");const context={nextRelease:{version:\"1.2.4\"},logger:{log:__name(()=>{},\"log\")}};await updateVersionJson(filePath,context);const updatedFile=await readFile(filePath,\"utf8\");assert.strictEqual(updatedFile,'{ \"version\": \"1.2.4\" }')",
                      "err": {},
                      "uuid": "efdc7973-8fa5-45ae-a3e3-371628e458ea",
                      "parentUUID": "b8b4804b-ba31-4dde-a7b1-708a48941190",
                      "isHook": false,
                      "skipped": false
                    },
                    {
                      "title": "should update version if they are different (no whitespace)",
                      "fullTitle": "Utils updateVersionJson() different version should update version if they are different (no whitespace)",
                      "timedOut": false,
                      "duration": 1,
                      "state": "passed",
                      "speed": "fast",
                      "pass": true,
                      "fail": false,
                      "pending": false,
                      "context": null,
                      "code": "const mockFile='{\"version\":\"1.2.3\"}';await writeFile(filePath,mockFile,\"utf8\");const context={nextRelease:{version:\"1.2.4\"},logger:{log:__name(()=>{},\"log\")}};await updateVersionJson(filePath,context);const updatedFile=await readFile(filePath,\"utf8\");assert.strictEqual(updatedFile,'{\"version\":\"1.2.4\"}')",
                      "err": {},
                      "uuid": "5f971506-e189-4989-a9c8-ed4364eb43aa",
                      "parentUUID": "b8b4804b-ba31-4dde-a7b1-708a48941190",
                      "isHook": false,
                      "skipped": false
                    },
                    {
                      "title": "should update version if they are different (mixed whitespace)",
                      "fullTitle": "Utils updateVersionJson() different version should update version if they are different (mixed whitespace)",
                      "timedOut": false,
                      "duration": 0,
                      "state": "passed",
                      "speed": "fast",
                      "pass": true,
                      "fail": false,
                      "pending": false,
                      "context": null,
                      "code": "const mockFile='{\"version\"   :\"1.2.3\"   }';await writeFile(filePath,mockFile,\"utf8\");const context={nextRelease:{version:\"1.2.4\"},logger:{log:__name(()=>{},\"log\")}};await updateVersionJson(filePath,context);const updatedFile=await readFile(filePath,\"utf8\");assert.strictEqual(updatedFile,'{\"version\"   :\"1.2.4\"   }')",
                      "err": {},
                      "uuid": "5959c93c-400c-4083-9d80-b5a5ee292d03",
                      "parentUUID": "b8b4804b-ba31-4dde-a7b1-708a48941190",
                      "isHook": false,
                      "skipped": false
                    },
                    {
                      "title": "should update version if they are different (beta version)",
                      "fullTitle": "Utils updateVersionJson() different version should update version if they are different (beta version)",
                      "timedOut": false,
                      "duration": 1,
                      "state": "passed",
                      "speed": "fast",
                      "pass": true,
                      "fail": false,
                      "pending": false,
                      "context": null,
                      "code": "const mockFile='{ \"version\": \"1.2.3-beta.3\" }';await writeFile(filePath,mockFile,\"utf8\");const context={nextRelease:{version:\"1.2.3-beta.4\"},logger:{log:__name(()=>{},\"log\")}};await updateVersionJson(filePath,context);const updatedFile=await readFile(filePath,\"utf8\");assert.strictEqual(updatedFile,'{ \"version\": \"1.2.3-beta.4\" }')",
                      "err": {},
                      "uuid": "bc810703-7914-4872-8758-c15cd4cc8637",
                      "parentUUID": "b8b4804b-ba31-4dde-a7b1-708a48941190",
                      "isHook": false,
                      "skipped": false
                    }
                  ],
                  "suites": [],
                  "passes": [
                    "efdc7973-8fa5-45ae-a3e3-371628e458ea",
                    "5f971506-e189-4989-a9c8-ed4364eb43aa",
                    "5959c93c-400c-4083-9d80-b5a5ee292d03",
                    "bc810703-7914-4872-8758-c15cd4cc8637"
                  ],
                  "failures": [],
                  "pending": [],
                  "skipped": [],
                  "duration": 3,
                  "root": false,
                  "rootEmpty": false,
                  "_timeout": 2000
                },
                {
                  "uuid": "9f6555ef-82bc-49fe-a66b-2ef63e962583",
                  "title": "same version",
                  "fullFile": "/home/runner/work/semantic-release-jsr/semantic-release-jsr/test/lib/utils.ts",
                  "file": "/test/lib/utils.ts",
                  "beforeHooks": [],
                  "afterHooks": [],
                  "tests": [
                    {
                      "title": "should skip when version is already up to date",
                      "fullTitle": "Utils updateVersionJson() same version should skip when version is already up to date",
                      "timedOut": false,
                      "duration": 1,
                      "state": "passed",
                      "speed": "fast",
                      "pass": true,
                      "fail": false,
                      "pending": false,
                      "context": null,
                      "code": "const mockFile='{ \"version\": \"1.2.3\" }';await writeFile(filePath,mockFile,\"utf8\");let matched=false;const context={nextRelease:{version:\"1.2.3\"},logger:{log:__name(msg=>{if(typeof msg===\"string\"){const match=msg.match(/Skipped, (.+) is already up to date/);if(match){assert.strictEqual(match[1],filePath);matched=true}}},\"log\")}};await updateVersionJson(filePath,context);const updatedFile=await readFile(filePath,\"utf8\");assert.strictEqual(updatedFile,mockFile);assert.ok(matched)",
                      "err": {},
                      "uuid": "06426a91-3ced-4df9-b18b-46cc8010206a",
                      "parentUUID": "9f6555ef-82bc-49fe-a66b-2ef63e962583",
                      "isHook": false,
                      "skipped": false
                    }
                  ],
                  "suites": [],
                  "passes": [
                    "06426a91-3ced-4df9-b18b-46cc8010206a"
                  ],
                  "failures": [],
                  "pending": [],
                  "skipped": [],
                  "duration": 1,
                  "root": false,
                  "rootEmpty": false,
                  "_timeout": 2000
                }
              ],
              "passes": [
                "6e516833-bd72-4376-9f2a-7ebf4fc3020a"
              ],
              "failures": [],
              "pending": [],
              "skipped": [],
              "duration": 1,
              "root": false,
              "rootEmpty": false,
              "_timeout": 2000
            }
          ],
          "passes": [],
          "failures": [],
          "pending": [],
          "skipped": [],
          "duration": 0,
          "root": false,
          "rootEmpty": false,
          "_timeout": 2000
        }
      ],
      "passes": [],
      "failures": [],
      "pending": [],
      "skipped": [],
      "duration": 0,
      "root": true,
      "rootEmpty": true,
      "_timeout": 2000
    }
  ],
  "meta": {
    "mocha": {
      "version": "11.1.0"
    },
    "mochawesome": {
      "options": {
        "quiet": false,
        "reportFilename": "mochawesome",
        "saveHtml": true,
        "saveJson": true,
        "consoleReporter": "spec",
        "useInlineDiffs": false,
        "code": true
      },
      "version": "7.1.3"
    },
    "marge": {
      "options": null,
      "version": "6.2.0"
    }
  }
}