{
  "stats": {
    "suites": 5,
    "tests": 6,
    "passes": 6,
    "pending": 0,
    "failures": 0,
    "start": "2024-07-11T16:34:04.365Z",
    "end": "2024-07-11T16:34:04.380Z",
    "duration": 15,
    "testsRegistered": 6,
    "passPercent": 100,
    "pendingPercent": 0,
    "other": 0,
    "hasOther": false,
    "skipped": 0,
    "hasSkipped": false
  },
  "results": [
    {
      "uuid": "dbbba729-cefc-46e2-819b-9651307c83e8",
      "title": "",
      "fullFile": "/home/runner/work/semantic-release-jsr/semantic-release-jsr/test/lib/utils.ts",
      "file": "/test/lib/utils.ts",
      "beforeHooks": [],
      "afterHooks": [],
      "tests": [],
      "suites": [
        {
          "uuid": "4e8fedcc-2dbb-4434-ab29-c8a41a3d36f3",
          "title": "Utils",
          "fullFile": "/home/runner/work/semantic-release-jsr/semantic-release-jsr/test/lib/utils.ts",
          "file": "/test/lib/utils.ts",
          "beforeHooks": [],
          "afterHooks": [],
          "tests": [],
          "suites": [
            {
              "uuid": "47739901-d5d9-479a-86c5-67bb4bf03266",
              "title": "generatePublishResponse()",
              "fullFile": "/home/runner/work/semantic-release-jsr/semantic-release-jsr/test/lib/utils.ts",
              "file": "/test/lib/utils.ts",
              "beforeHooks": [],
              "afterHooks": [],
              "tests": [
                {
                  "title": "should work with release",
                  "fullTitle": "Utils generatePublishResponse() should work with release",
                  "timedOut": false,
                  "duration": 0,
                  "state": "passed",
                  "speed": "fast",
                  "pass": true,
                  "fail": false,
                  "pending": false,
                  "context": null,
                  "code": "const config = {\n    cwd: process.cwd(),\n    name: '@sebbo2002/ical-generator',\n    prepare: {\n        versionJsonPaths: []\n    },\n    publish: {\n        binFolder: '',\n        pkgJsonPath: '',\n        publishArgs: []\n    }\n};\nconst context = {\n    nextRelease: {\n        version: '1.2.3',\n        gitTag: 'v1.2.3',\n        name: 'v1.2.3',\n        type: 'patch',\n        channel: '',\n        gitHead: '',\n        notes: '# [1.2.3](…)'\n    }\n};\nconst response = generatePublishResponse(config, context);\nassert.deepStrictEqual(response, {\n    name: 'JSR.io',\n    url: 'https://jsr.io/@sebbo2002/ical-generator@1.2.3'\n});",
                  "err": {},
                  "uuid": "7a0d002f-abb2-420a-8376-dbad4c8ade65",
                  "parentUUID": "47739901-d5d9-479a-86c5-67bb4bf03266",
                  "isHook": false,
                  "skipped": false
                },
                {
                  "title": "should work without release",
                  "fullTitle": "Utils generatePublishResponse() should work without release",
                  "timedOut": false,
                  "duration": 0,
                  "state": "passed",
                  "speed": "fast",
                  "pass": true,
                  "fail": false,
                  "pending": false,
                  "context": null,
                  "code": "const config = {\n    cwd: process.cwd(),\n    name: '@sebbo2002/ical-generator',\n    prepare: {\n        versionJsonPaths: []\n    },\n    publish: {\n        binFolder: '',\n        pkgJsonPath: '',\n        publishArgs: []\n    }\n};\nconst context = {};\nconst response = generatePublishResponse(config, context);\nassert.deepStrictEqual(response, {\n    name: 'JSR.io',\n    url: 'https://jsr.io/@sebbo2002/ical-generator/versions'\n});",
                  "err": {},
                  "uuid": "678cfe22-6af1-4010-bd6e-a0498de7cdcf",
                  "parentUUID": "47739901-d5d9-479a-86c5-67bb4bf03266",
                  "isHook": false,
                  "skipped": false
                }
              ],
              "suites": [],
              "passes": [
                "7a0d002f-abb2-420a-8376-dbad4c8ade65",
                "678cfe22-6af1-4010-bd6e-a0498de7cdcf"
              ],
              "failures": [],
              "pending": [],
              "skipped": [],
              "duration": 0,
              "root": false,
              "rootEmpty": false,
              "_timeout": 2000
            },
            {
              "uuid": "19667593-79ea-4eb1-9644-a7351125c00f",
              "title": "updateVersionJson()",
              "fullFile": "/home/runner/work/semantic-release-jsr/semantic-release-jsr/test/lib/utils.ts",
              "file": "/test/lib/utils.ts",
              "beforeHooks": [
                {
                  "title": "\"before each\" hook in \"updateVersionJson()\"",
                  "fullTitle": "Utils updateVersionJson() \"before each\" hook in \"updateVersionJson()\"",
                  "timedOut": false,
                  "duration": 0,
                  "state": null,
                  "speed": null,
                  "pass": false,
                  "fail": false,
                  "pending": false,
                  "context": null,
                  "code": "__awaiter(this, void 0, void 0, function* () {\n                tmpDir = yield mkdtemp(join(tmpdir(), 'semantic-release-jsr-'));\n                filePath = join(tmpDir, 'package.json');\n            })",
                  "err": {},
                  "uuid": "b6c94a85-7224-4654-b10e-2fdf05d40b7b",
                  "parentUUID": "19667593-79ea-4eb1-9644-a7351125c00f",
                  "isHook": true,
                  "skipped": false
                }
              ],
              "afterHooks": [
                {
                  "title": "\"after each\" hook in \"updateVersionJson()\"",
                  "fullTitle": "Utils updateVersionJson() \"after each\" hook in \"updateVersionJson()\"",
                  "timedOut": false,
                  "duration": 1,
                  "state": null,
                  "speed": null,
                  "pass": false,
                  "fail": false,
                  "pending": false,
                  "context": null,
                  "code": "__awaiter(this, void 0, void 0, function* () {\n                yield rm(tmpDir, { recursive: true, force: true });\n            })",
                  "err": {},
                  "uuid": "b18b6a40-73d8-4190-b3da-45018d9edadd",
                  "parentUUID": "19667593-79ea-4eb1-9644-a7351125c00f",
                  "isHook": true,
                  "skipped": false
                }
              ],
              "tests": [],
              "suites": [
                {
                  "uuid": "5c5b36b0-8d1f-4ff5-a64b-a9bf683701b9",
                  "title": "different version",
                  "fullFile": "/home/runner/work/semantic-release-jsr/semantic-release-jsr/test/lib/utils.ts",
                  "file": "/test/lib/utils.ts",
                  "beforeHooks": [],
                  "afterHooks": [],
                  "tests": [
                    {
                      "title": "should update version if they are different",
                      "fullTitle": "Utils updateVersionJson() different version should update version if they are different",
                      "timedOut": false,
                      "duration": 1,
                      "state": "passed",
                      "speed": "fast",
                      "pass": true,
                      "fail": false,
                      "pending": false,
                      "context": null,
                      "code": "return __awaiter(this, void 0, void 0, function* () {\n    const mockFile = '{ \"version\": \"1.2.3\" }';\n    yield writeFile(filePath, mockFile, 'utf8');\n    const context = {\n        nextRelease: {\n            version: '1.2.4',\n        },\n        logger: {\n            log: () => { },\n        },\n    };\n    yield updateVersionJson(filePath, context);\n    const updatedFile = yield readFile(filePath, 'utf8');\n    assert.strictEqual(updatedFile, '{ \"version\": \"1.2.4\" }');\n});",
                      "err": {},
                      "uuid": "3bd1009e-0053-49db-bf9e-add1206c408e",
                      "parentUUID": "5c5b36b0-8d1f-4ff5-a64b-a9bf683701b9",
                      "isHook": false,
                      "skipped": false
                    },
                    {
                      "title": "should update version if they are different (no whitespace)",
                      "fullTitle": "Utils updateVersionJson() different version should update version if they are different (no whitespace)",
                      "timedOut": false,
                      "duration": 1,
                      "state": "passed",
                      "speed": "fast",
                      "pass": true,
                      "fail": false,
                      "pending": false,
                      "context": null,
                      "code": "return __awaiter(this, void 0, void 0, function* () {\n    const mockFile = '{\"version\":\"1.2.3\"}';\n    yield writeFile(filePath, mockFile, 'utf8');\n    const context = {\n        nextRelease: {\n            version: '1.2.4',\n        },\n        logger: {\n            log: () => { },\n        },\n    };\n    yield updateVersionJson(filePath, context);\n    const updatedFile = yield readFile(filePath, 'utf8');\n    assert.strictEqual(updatedFile, '{\"version\":\"1.2.4\"}');\n});",
                      "err": {},
                      "uuid": "661c87f8-0514-4aff-a291-2df0af6c7273",
                      "parentUUID": "5c5b36b0-8d1f-4ff5-a64b-a9bf683701b9",
                      "isHook": false,
                      "skipped": false
                    },
                    {
                      "title": "should update version if they are different (mixed whitespace)",
                      "fullTitle": "Utils updateVersionJson() different version should update version if they are different (mixed whitespace)",
                      "timedOut": false,
                      "duration": 1,
                      "state": "passed",
                      "speed": "fast",
                      "pass": true,
                      "fail": false,
                      "pending": false,
                      "context": null,
                      "code": "return __awaiter(this, void 0, void 0, function* () {\n    const mockFile = '{\"version\"   :\"1.2.3\"   }';\n    yield writeFile(filePath, mockFile, 'utf8');\n    const context = {\n        nextRelease: {\n            version: '1.2.4',\n        },\n        logger: {\n            log: () => { },\n        },\n    };\n    yield updateVersionJson(filePath, context);\n    const updatedFile = yield readFile(filePath, 'utf8');\n    assert.strictEqual(updatedFile, '{\"version\"   :\"1.2.4\"   }');\n});",
                      "err": {},
                      "uuid": "c9d70218-f105-4384-b6e6-cd9346746d41",
                      "parentUUID": "5c5b36b0-8d1f-4ff5-a64b-a9bf683701b9",
                      "isHook": false,
                      "skipped": false
                    }
                  ],
                  "suites": [],
                  "passes": [
                    "3bd1009e-0053-49db-bf9e-add1206c408e",
                    "661c87f8-0514-4aff-a291-2df0af6c7273",
                    "c9d70218-f105-4384-b6e6-cd9346746d41"
                  ],
                  "failures": [],
                  "pending": [],
                  "skipped": [],
                  "duration": 3,
                  "root": false,
                  "rootEmpty": false,
                  "_timeout": 2000
                },
                {
                  "uuid": "fe42a12a-aab3-44b8-ac88-7efeeb4dc1b3",
                  "title": "same version",
                  "fullFile": "/home/runner/work/semantic-release-jsr/semantic-release-jsr/test/lib/utils.ts",
                  "file": "/test/lib/utils.ts",
                  "beforeHooks": [],
                  "afterHooks": [],
                  "tests": [
                    {
                      "title": "should skip when version is already up to date",
                      "fullTitle": "Utils updateVersionJson() same version should skip when version is already up to date",
                      "timedOut": false,
                      "duration": 1,
                      "state": "passed",
                      "speed": "fast",
                      "pass": true,
                      "fail": false,
                      "pending": false,
                      "context": null,
                      "code": "return __awaiter(this, void 0, void 0, function* () {\n    const mockFile = '{ \"version\": \"1.2.3\" }';\n    yield writeFile(filePath, mockFile, 'utf8');\n    let matched = false;\n    const context = {\n        nextRelease: {\n            version: '1.2.3',\n        },\n        logger: {\n            log: (msg) => {\n                if (typeof msg === 'string') {\n                    const match = msg.match(/Skipped, (.+) is already up to date/);\n                    if (match) {\n                        assert.strictEqual(match[1], filePath);\n                        matched = true;\n                    }\n                }\n            },\n        },\n    };\n    yield updateVersionJson(filePath, context);\n    const updatedFile = yield readFile(filePath, 'utf8');\n    assert.strictEqual(updatedFile, mockFile);\n    assert.ok(matched);\n});",
                      "err": {},
                      "uuid": "16fa5022-70a1-4dca-bb48-b090c341b22f",
                      "parentUUID": "fe42a12a-aab3-44b8-ac88-7efeeb4dc1b3",
                      "isHook": false,
                      "skipped": false
                    }
                  ],
                  "suites": [],
                  "passes": [
                    "16fa5022-70a1-4dca-bb48-b090c341b22f"
                  ],
                  "failures": [],
                  "pending": [],
                  "skipped": [],
                  "duration": 1,
                  "root": false,
                  "rootEmpty": false,
                  "_timeout": 2000
                }
              ],
              "passes": [],
              "failures": [],
              "pending": [],
              "skipped": [],
              "duration": 0,
              "root": false,
              "rootEmpty": false,
              "_timeout": 2000
            }
          ],
          "passes": [],
          "failures": [],
          "pending": [],
          "skipped": [],
          "duration": 0,
          "root": false,
          "rootEmpty": false,
          "_timeout": 2000
        }
      ],
      "passes": [],
      "failures": [],
      "pending": [],
      "skipped": [],
      "duration": 0,
      "root": true,
      "rootEmpty": true,
      "_timeout": 2000
    }
  ],
  "meta": {
    "mocha": {
      "version": "10.4.0"
    },
    "mochawesome": {
      "options": {
        "quiet": false,
        "reportFilename": "mochawesome",
        "saveHtml": true,
        "saveJson": true,
        "consoleReporter": "spec",
        "useInlineDiffs": false,
        "code": true
      },
      "version": "7.1.3"
    },
    "marge": {
      "options": null,
      "version": "6.2.0"
    }
  }
}