{
  "stats": {
    "suites": 5,
    "tests": 8,
    "passes": 8,
    "pending": 0,
    "failures": 0,
    "start": "2024-08-04T09:30:41.961Z",
    "end": "2024-08-04T09:30:41.980Z",
    "duration": 19,
    "testsRegistered": 8,
    "passPercent": 100,
    "pendingPercent": 0,
    "other": 0,
    "hasOther": false,
    "skipped": 0,
    "hasSkipped": false
  },
  "results": [
    {
      "uuid": "cb3549dd-0d64-4b65-ba6b-ce9ad486429f",
      "title": "",
      "fullFile": "/home/runner/work/semantic-release-jsr/semantic-release-jsr/test/lib/utils.ts",
      "file": "/test/lib/utils.ts",
      "beforeHooks": [],
      "afterHooks": [],
      "tests": [],
      "suites": [
        {
          "uuid": "688e2929-9a5a-4474-abe8-426b977ed9d0",
          "title": "Utils",
          "fullFile": "/home/runner/work/semantic-release-jsr/semantic-release-jsr/test/lib/utils.ts",
          "file": "/test/lib/utils.ts",
          "beforeHooks": [],
          "afterHooks": [],
          "tests": [],
          "suites": [
            {
              "uuid": "a0cb3bce-ca5c-4b0a-90db-df3e187f41e1",
              "title": "generatePublishResponse()",
              "fullFile": "/home/runner/work/semantic-release-jsr/semantic-release-jsr/test/lib/utils.ts",
              "file": "/test/lib/utils.ts",
              "beforeHooks": [],
              "afterHooks": [],
              "tests": [
                {
                  "title": "should work with release",
                  "fullTitle": "Utils generatePublishResponse() should work with release",
                  "timedOut": false,
                  "duration": 1,
                  "state": "passed",
                  "speed": "fast",
                  "pass": true,
                  "fail": false,
                  "pending": false,
                  "context": null,
                  "code": "const config = {\n    cwd: process.cwd(),\n    name: '@sebbo2002/ical-generator',\n    prepare: {\n        versionJsonPaths: []\n    },\n    publish: {\n        binFolder: '',\n        canary: false,\n        pkgJsonPath: '',\n        publishArgs: []\n    }\n};\nconst context = {\n    nextRelease: {\n        version: '1.2.3',\n        gitTag: 'v1.2.3',\n        name: 'v1.2.3',\n        type: 'patch',\n        channel: '',\n        gitHead: '',\n        notes: '# [1.2.3](…)'\n    }\n};\nconst response = generatePublishResponse(config, context);\nassert.deepStrictEqual(response, {\n    name: 'JSR.io',\n    url: 'https://jsr.io/@sebbo2002/ical-generator@1.2.3'\n});",
                  "err": {},
                  "uuid": "b72542ee-1cb4-47a6-ab39-e79fa08997e8",
                  "parentUUID": "a0cb3bce-ca5c-4b0a-90db-df3e187f41e1",
                  "isHook": false,
                  "skipped": false
                },
                {
                  "title": "should work without release",
                  "fullTitle": "Utils generatePublishResponse() should work without release",
                  "timedOut": false,
                  "duration": 0,
                  "state": "passed",
                  "speed": "fast",
                  "pass": true,
                  "fail": false,
                  "pending": false,
                  "context": null,
                  "code": "const config = {\n    cwd: process.cwd(),\n    name: '@sebbo2002/ical-generator',\n    prepare: {\n        versionJsonPaths: []\n    },\n    publish: {\n        binFolder: '',\n        canary: false,\n        pkgJsonPath: '',\n        publishArgs: []\n    }\n};\nconst context = {};\nconst response = generatePublishResponse(config, context);\nassert.deepStrictEqual(response, {\n    name: 'JSR.io',\n    url: 'https://jsr.io/@sebbo2002/ical-generator/versions'\n});",
                  "err": {},
                  "uuid": "a07adf9a-bc43-4036-9bd2-b4fd3922dec8",
                  "parentUUID": "a0cb3bce-ca5c-4b0a-90db-df3e187f41e1",
                  "isHook": false,
                  "skipped": false
                }
              ],
              "suites": [],
              "passes": [
                "b72542ee-1cb4-47a6-ab39-e79fa08997e8",
                "a07adf9a-bc43-4036-9bd2-b4fd3922dec8"
              ],
              "failures": [],
              "pending": [],
              "skipped": [],
              "duration": 1,
              "root": false,
              "rootEmpty": false,
              "_timeout": 2000
            },
            {
              "uuid": "5babd69a-0f8e-4889-ac5c-e0aac75af71a",
              "title": "updateVersionJson()",
              "fullFile": "/home/runner/work/semantic-release-jsr/semantic-release-jsr/test/lib/utils.ts",
              "file": "/test/lib/utils.ts",
              "beforeHooks": [
                {
                  "title": "\"before each\" hook in \"updateVersionJson()\"",
                  "fullTitle": "Utils updateVersionJson() \"before each\" hook in \"updateVersionJson()\"",
                  "timedOut": false,
                  "duration": 0,
                  "state": null,
                  "speed": null,
                  "pass": false,
                  "fail": false,
                  "pending": false,
                  "context": null,
                  "code": "tmpDir = await mkdtemp(join(tmpdir(), 'semantic-release-jsr-'));\nfilePath = join(tmpDir, 'package.json');",
                  "err": {},
                  "uuid": "198aa24a-1551-4ffd-a8b1-d9c3422854b9",
                  "parentUUID": "5babd69a-0f8e-4889-ac5c-e0aac75af71a",
                  "isHook": true,
                  "skipped": false
                }
              ],
              "afterHooks": [
                {
                  "title": "\"after each\" hook in \"updateVersionJson()\"",
                  "fullTitle": "Utils updateVersionJson() \"after each\" hook in \"updateVersionJson()\"",
                  "timedOut": false,
                  "duration": 0,
                  "state": null,
                  "speed": null,
                  "pass": false,
                  "fail": false,
                  "pending": false,
                  "context": null,
                  "code": "await rm(tmpDir, { recursive: true, force: true });",
                  "err": {},
                  "uuid": "80d7952e-ebdf-4914-bb64-89c89f08f1c6",
                  "parentUUID": "5babd69a-0f8e-4889-ac5c-e0aac75af71a",
                  "isHook": true,
                  "skipped": false
                }
              ],
              "tests": [
                {
                  "title": "should throw an error if the version could not be replaced",
                  "fullTitle": "Utils updateVersionJson() should throw an error if the version could not be replaced",
                  "timedOut": false,
                  "duration": 1,
                  "state": "passed",
                  "speed": "fast",
                  "pass": true,
                  "fail": false,
                  "pending": false,
                  "context": null,
                  "code": "const mockFile = '{}';\nawait writeFile(filePath, mockFile, 'utf8');\nconst context = {\n    nextRelease: {\n        version: '1.2.3',\n    },\n    logger: {\n        log: () => { },\n    },\n};\nawait assert.rejects(updateVersionJson(filePath, context), /Failed to replace version in/);",
                  "err": {},
                  "uuid": "9b801489-34f0-4d69-b263-bfd74e8b519e",
                  "parentUUID": "5babd69a-0f8e-4889-ac5c-e0aac75af71a",
                  "isHook": false,
                  "skipped": false
                }
              ],
              "suites": [
                {
                  "uuid": "7206fe74-36b2-4bc2-becd-83db18b4eeee",
                  "title": "different version",
                  "fullFile": "/home/runner/work/semantic-release-jsr/semantic-release-jsr/test/lib/utils.ts",
                  "file": "/test/lib/utils.ts",
                  "beforeHooks": [],
                  "afterHooks": [],
                  "tests": [
                    {
                      "title": "should update version if they are different",
                      "fullTitle": "Utils updateVersionJson() different version should update version if they are different",
                      "timedOut": false,
                      "duration": 1,
                      "state": "passed",
                      "speed": "fast",
                      "pass": true,
                      "fail": false,
                      "pending": false,
                      "context": null,
                      "code": "const mockFile = '{ \"version\": \"1.2.3\" }';\nawait writeFile(filePath, mockFile, 'utf8');\nconst context = {\n    nextRelease: {\n        version: '1.2.4',\n    },\n    logger: {\n        log: () => { },\n    },\n};\nawait updateVersionJson(filePath, context);\nconst updatedFile = await readFile(filePath, 'utf8');\nassert.strictEqual(updatedFile, '{ \"version\": \"1.2.4\" }');",
                      "err": {},
                      "uuid": "5e75f66f-8bcb-44dd-a610-914176d89a07",
                      "parentUUID": "7206fe74-36b2-4bc2-becd-83db18b4eeee",
                      "isHook": false,
                      "skipped": false
                    },
                    {
                      "title": "should update version if they are different (no whitespace)",
                      "fullTitle": "Utils updateVersionJson() different version should update version if they are different (no whitespace)",
                      "timedOut": false,
                      "duration": 1,
                      "state": "passed",
                      "speed": "fast",
                      "pass": true,
                      "fail": false,
                      "pending": false,
                      "context": null,
                      "code": "const mockFile = '{\"version\":\"1.2.3\"}';\nawait writeFile(filePath, mockFile, 'utf8');\nconst context = {\n    nextRelease: {\n        version: '1.2.4',\n    },\n    logger: {\n        log: () => { },\n    },\n};\nawait updateVersionJson(filePath, context);\nconst updatedFile = await readFile(filePath, 'utf8');\nassert.strictEqual(updatedFile, '{\"version\":\"1.2.4\"}');",
                      "err": {},
                      "uuid": "fa6fffcc-deb6-4d98-ba52-c92bf9eaaf0c",
                      "parentUUID": "7206fe74-36b2-4bc2-becd-83db18b4eeee",
                      "isHook": false,
                      "skipped": false
                    },
                    {
                      "title": "should update version if they are different (mixed whitespace)",
                      "fullTitle": "Utils updateVersionJson() different version should update version if they are different (mixed whitespace)",
                      "timedOut": false,
                      "duration": 1,
                      "state": "passed",
                      "speed": "fast",
                      "pass": true,
                      "fail": false,
                      "pending": false,
                      "context": null,
                      "code": "const mockFile = '{\"version\"   :\"1.2.3\"   }';\nawait writeFile(filePath, mockFile, 'utf8');\nconst context = {\n    nextRelease: {\n        version: '1.2.4',\n    },\n    logger: {\n        log: () => { },\n    },\n};\nawait updateVersionJson(filePath, context);\nconst updatedFile = await readFile(filePath, 'utf8');\nassert.strictEqual(updatedFile, '{\"version\"   :\"1.2.4\"   }');",
                      "err": {},
                      "uuid": "ffeaa496-d032-452e-8475-f87b1a83b691",
                      "parentUUID": "7206fe74-36b2-4bc2-becd-83db18b4eeee",
                      "isHook": false,
                      "skipped": false
                    },
                    {
                      "title": "should update version if they are different (beta version)",
                      "fullTitle": "Utils updateVersionJson() different version should update version if they are different (beta version)",
                      "timedOut": false,
                      "duration": 1,
                      "state": "passed",
                      "speed": "fast",
                      "pass": true,
                      "fail": false,
                      "pending": false,
                      "context": null,
                      "code": "const mockFile = '{ \"version\": \"1.2.3-beta.3\" }';\nawait writeFile(filePath, mockFile, 'utf8');\nconst context = {\n    nextRelease: {\n        version: '1.2.3-beta.4',\n    },\n    logger: {\n        log: () => { },\n    },\n};\nawait updateVersionJson(filePath, context);\nconst updatedFile = await readFile(filePath, 'utf8');\nassert.strictEqual(updatedFile, '{ \"version\": \"1.2.3-beta.4\" }');",
                      "err": {},
                      "uuid": "25145efb-b06f-439f-a926-da24f91e605d",
                      "parentUUID": "7206fe74-36b2-4bc2-becd-83db18b4eeee",
                      "isHook": false,
                      "skipped": false
                    }
                  ],
                  "suites": [],
                  "passes": [
                    "5e75f66f-8bcb-44dd-a610-914176d89a07",
                    "fa6fffcc-deb6-4d98-ba52-c92bf9eaaf0c",
                    "ffeaa496-d032-452e-8475-f87b1a83b691",
                    "25145efb-b06f-439f-a926-da24f91e605d"
                  ],
                  "failures": [],
                  "pending": [],
                  "skipped": [],
                  "duration": 4,
                  "root": false,
                  "rootEmpty": false,
                  "_timeout": 2000
                },
                {
                  "uuid": "89a570f0-2db8-4291-bad3-bdbd3cc7ff64",
                  "title": "same version",
                  "fullFile": "/home/runner/work/semantic-release-jsr/semantic-release-jsr/test/lib/utils.ts",
                  "file": "/test/lib/utils.ts",
                  "beforeHooks": [],
                  "afterHooks": [],
                  "tests": [
                    {
                      "title": "should skip when version is already up to date",
                      "fullTitle": "Utils updateVersionJson() same version should skip when version is already up to date",
                      "timedOut": false,
                      "duration": 1,
                      "state": "passed",
                      "speed": "fast",
                      "pass": true,
                      "fail": false,
                      "pending": false,
                      "context": null,
                      "code": "const mockFile = '{ \"version\": \"1.2.3\" }';\nawait writeFile(filePath, mockFile, 'utf8');\nlet matched = false;\nconst context = {\n    nextRelease: {\n        version: '1.2.3',\n    },\n    logger: {\n        log: (msg) => {\n            if (typeof msg === 'string') {\n                const match = msg.match(/Skipped, (.+) is already up to date/);\n                if (match) {\n                    assert.strictEqual(match[1], filePath);\n                    matched = true;\n                }\n            }\n        },\n    },\n};\nawait updateVersionJson(filePath, context);\nconst updatedFile = await readFile(filePath, 'utf8');\nassert.strictEqual(updatedFile, mockFile);\nassert.ok(matched);",
                      "err": {},
                      "uuid": "e7183f71-522d-4fad-b884-e34b5f4cb3b4",
                      "parentUUID": "89a570f0-2db8-4291-bad3-bdbd3cc7ff64",
                      "isHook": false,
                      "skipped": false
                    }
                  ],
                  "suites": [],
                  "passes": [
                    "e7183f71-522d-4fad-b884-e34b5f4cb3b4"
                  ],
                  "failures": [],
                  "pending": [],
                  "skipped": [],
                  "duration": 1,
                  "root": false,
                  "rootEmpty": false,
                  "_timeout": 2000
                }
              ],
              "passes": [
                "9b801489-34f0-4d69-b263-bfd74e8b519e"
              ],
              "failures": [],
              "pending": [],
              "skipped": [],
              "duration": 1,
              "root": false,
              "rootEmpty": false,
              "_timeout": 2000
            }
          ],
          "passes": [],
          "failures": [],
          "pending": [],
          "skipped": [],
          "duration": 0,
          "root": false,
          "rootEmpty": false,
          "_timeout": 2000
        }
      ],
      "passes": [],
      "failures": [],
      "pending": [],
      "skipped": [],
      "duration": 0,
      "root": true,
      "rootEmpty": true,
      "_timeout": 2000
    }
  ],
  "meta": {
    "mocha": {
      "version": "10.7.0"
    },
    "mochawesome": {
      "options": {
        "quiet": false,
        "reportFilename": "mochawesome",
        "saveHtml": true,
        "saveJson": true,
        "consoleReporter": "spec",
        "useInlineDiffs": false,
        "code": true
      },
      "version": "7.1.3"
    },
    "marge": {
      "options": null,
      "version": "6.2.0"
    }
  }
}